#! /opt/homebrew/Cellar/icarus-verilog/12.0/bin/vvp
:ivl_version "12.0 (stable)";
:ivl_delay_selection "TYPICAL";
:vpi_time_precision + 0;
:vpi_module "/opt/homebrew/Cellar/icarus-verilog/12.0/lib/ivl/system.vpi";
:vpi_module "/opt/homebrew/Cellar/icarus-verilog/12.0/lib/ivl/vhdl_sys.vpi";
:vpi_module "/opt/homebrew/Cellar/icarus-verilog/12.0/lib/ivl/vhdl_textio.vpi";
:vpi_module "/opt/homebrew/Cellar/icarus-verilog/12.0/lib/ivl/v2005_math.vpi";
:vpi_module "/opt/homebrew/Cellar/icarus-verilog/12.0/lib/ivl/va_math.vpi";
S_0x11f905780 .scope module, "Register_block" "Register_block" 2 1;
 .timescale 0 0;
    .port_info 0 /OUTPUT 32 "read_data1";
    .port_info 1 /OUTPUT 32 "read_data2";
    .port_info 2 /INPUT 1 "byteOperations";
    .port_info 3 /INPUT 32 "write_data";
    .port_info 4 /INPUT 5 "read_reg1";
    .port_info 5 /INPUT 5 "read_reg2";
    .port_info 6 /INPUT 5 "write_reg";
    .port_info 7 /INPUT 1 "regWrite";
o0x110040010 .functor BUFZ 1, C4<z>; HiZ drive
v0x11f9058f0_0 .net "byteOperations", 0 0, o0x110040010;  0 drivers
v0x11f91da30_0 .var "read_data1", 31 0;
v0x11f91dad0_0 .var "read_data2", 31 0;
o0x1100400a0 .functor BUFZ 5, C4<zzzzz>; HiZ drive
v0x11f91db80_0 .net "read_reg1", 4 0, o0x1100400a0;  0 drivers
o0x1100400d0 .functor BUFZ 5, C4<zzzzz>; HiZ drive
v0x11f91dc30_0 .net "read_reg2", 4 0, o0x1100400d0;  0 drivers
o0x110040100 .functor BUFZ 1, C4<z>; HiZ drive
v0x11f91dd20_0 .net "regWrite", 0 0, o0x110040100;  0 drivers
v0x11f91ddc0 .array "registers", 31 0, 31 0;
o0x110040730 .functor BUFZ 32, C4<zzzzzzzzzzzzzzzzzzzzzzzzzzzzzzzz>; HiZ drive
v0x11f91e160_0 .net "write_data", 31 0, o0x110040730;  0 drivers
o0x110040760 .functor BUFZ 5, C4<zzzzz>; HiZ drive
v0x11f91e210_0 .net "write_reg", 4 0, o0x110040760;  0 drivers
E_0x11f906570 .event posedge, v0x11f91dd20_0;
v0x11f91ddc0_0 .array/port v0x11f91ddc0, 0;
v0x11f91ddc0_1 .array/port v0x11f91ddc0, 1;
E_0x11f906f80/0 .event anyedge, v0x11f9058f0_0, v0x11f91db80_0, v0x11f91ddc0_0, v0x11f91ddc0_1;
v0x11f91ddc0_2 .array/port v0x11f91ddc0, 2;
v0x11f91ddc0_3 .array/port v0x11f91ddc0, 3;
v0x11f91ddc0_4 .array/port v0x11f91ddc0, 4;
v0x11f91ddc0_5 .array/port v0x11f91ddc0, 5;
E_0x11f906f80/1 .event anyedge, v0x11f91ddc0_2, v0x11f91ddc0_3, v0x11f91ddc0_4, v0x11f91ddc0_5;
v0x11f91ddc0_6 .array/port v0x11f91ddc0, 6;
v0x11f91ddc0_7 .array/port v0x11f91ddc0, 7;
v0x11f91ddc0_8 .array/port v0x11f91ddc0, 8;
v0x11f91ddc0_9 .array/port v0x11f91ddc0, 9;
E_0x11f906f80/2 .event anyedge, v0x11f91ddc0_6, v0x11f91ddc0_7, v0x11f91ddc0_8, v0x11f91ddc0_9;
v0x11f91ddc0_10 .array/port v0x11f91ddc0, 10;
v0x11f91ddc0_11 .array/port v0x11f91ddc0, 11;
v0x11f91ddc0_12 .array/port v0x11f91ddc0, 12;
v0x11f91ddc0_13 .array/port v0x11f91ddc0, 13;
E_0x11f906f80/3 .event anyedge, v0x11f91ddc0_10, v0x11f91ddc0_11, v0x11f91ddc0_12, v0x11f91ddc0_13;
v0x11f91ddc0_14 .array/port v0x11f91ddc0, 14;
v0x11f91ddc0_15 .array/port v0x11f91ddc0, 15;
v0x11f91ddc0_16 .array/port v0x11f91ddc0, 16;
v0x11f91ddc0_17 .array/port v0x11f91ddc0, 17;
E_0x11f906f80/4 .event anyedge, v0x11f91ddc0_14, v0x11f91ddc0_15, v0x11f91ddc0_16, v0x11f91ddc0_17;
v0x11f91ddc0_18 .array/port v0x11f91ddc0, 18;
v0x11f91ddc0_19 .array/port v0x11f91ddc0, 19;
v0x11f91ddc0_20 .array/port v0x11f91ddc0, 20;
v0x11f91ddc0_21 .array/port v0x11f91ddc0, 21;
E_0x11f906f80/5 .event anyedge, v0x11f91ddc0_18, v0x11f91ddc0_19, v0x11f91ddc0_20, v0x11f91ddc0_21;
v0x11f91ddc0_22 .array/port v0x11f91ddc0, 22;
v0x11f91ddc0_23 .array/port v0x11f91ddc0, 23;
v0x11f91ddc0_24 .array/port v0x11f91ddc0, 24;
v0x11f91ddc0_25 .array/port v0x11f91ddc0, 25;
E_0x11f906f80/6 .event anyedge, v0x11f91ddc0_22, v0x11f91ddc0_23, v0x11f91ddc0_24, v0x11f91ddc0_25;
v0x11f91ddc0_26 .array/port v0x11f91ddc0, 26;
v0x11f91ddc0_27 .array/port v0x11f91ddc0, 27;
v0x11f91ddc0_28 .array/port v0x11f91ddc0, 28;
v0x11f91ddc0_29 .array/port v0x11f91ddc0, 29;
E_0x11f906f80/7 .event anyedge, v0x11f91ddc0_26, v0x11f91ddc0_27, v0x11f91ddc0_28, v0x11f91ddc0_29;
v0x11f91ddc0_30 .array/port v0x11f91ddc0, 30;
v0x11f91ddc0_31 .array/port v0x11f91ddc0, 31;
E_0x11f906f80/8 .event anyedge, v0x11f91ddc0_30, v0x11f91ddc0_31, v0x11f91dc30_0;
E_0x11f906f80 .event/or E_0x11f906f80/0, E_0x11f906f80/1, E_0x11f906f80/2, E_0x11f906f80/3, E_0x11f906f80/4, E_0x11f906f80/5, E_0x11f906f80/6, E_0x11f906f80/7, E_0x11f906f80/8;
    .scope S_0x11f905780;
T_0 ;
    %vpi_call 2 16 "$readmemb", "registers.mem", v0x11f91ddc0 {0 0 0};
    %end;
    .thread T_0;
    .scope S_0x11f905780;
T_1 ;
    %wait E_0x11f906f80;
    %load/vec4 v0x11f9058f0_0;
    %flag_set/vec4 8;
    %jmp/0xz  T_1.0, 8;
    %pushi/vec4 0, 0, 32;
    %store/vec4 v0x11f91da30_0, 0, 32;
    %pushi/vec4 0, 0, 32;
    %store/vec4 v0x11f91dad0_0, 0, 32;
    %load/vec4 v0x11f91db80_0;
    %pad/u 7;
    %ix/vec4 4;
    %load/vec4a v0x11f91ddc0, 4;
    %parti/s 8, 0, 2;
    %pad/u 32;
    %store/vec4 v0x11f91da30_0, 0, 32;
    %load/vec4 v0x11f91dc30_0;
    %pad/u 7;
    %ix/vec4 4;
    %load/vec4a v0x11f91ddc0, 4;
    %parti/s 8, 0, 2;
    %pad/u 32;
    %store/vec4 v0x11f91dad0_0, 0, 32;
    %jmp T_1.1;
T_1.0 ;
    %load/vec4 v0x11f91db80_0;
    %pad/u 7;
    %ix/vec4 4;
    %load/vec4a v0x11f91ddc0, 4;
    %store/vec4 v0x11f91da30_0, 0, 32;
    %load/vec4 v0x11f91dc30_0;
    %pad/u 7;
    %ix/vec4 4;
    %load/vec4a v0x11f91ddc0, 4;
    %store/vec4 v0x11f91dad0_0, 0, 32;
T_1.1 ;
    %jmp T_1;
    .thread T_1, $push;
    .scope S_0x11f905780;
T_2 ;
    %wait E_0x11f906570;
    %load/vec4 v0x11f91dd20_0;
    %flag_set/vec4 8;
    %jmp/0xz  T_2.0, 8;
    %load/vec4 v0x11f9058f0_0;
    %flag_set/vec4 8;
    %jmp/0xz  T_2.2, 8;
    %load/vec4 v0x11f91e160_0;
    %parti/s 8, 0, 2;
    %load/vec4 v0x11f91e210_0;
    %pad/u 7;
    %ix/vec4 3;
    %ix/load 4, 0, 0; Constant delay
    %assign/vec4/a/d v0x11f91ddc0, 0, 4;
    %jmp T_2.3;
T_2.2 ;
    %load/vec4 v0x11f91e160_0;
    %load/vec4 v0x11f91e210_0;
    %pad/u 7;
    %ix/vec4 3;
    %ix/load 4, 0, 0; Constant delay
    %assign/vec4/a/d v0x11f91ddc0, 0, 4;
T_2.3 ;
T_2.0 ;
    %jmp T_2;
    .thread T_2;
    .scope S_0x11f905780;
T_3 ;
    %wait E_0x11f906570;
    %vpi_call 2 52 "$writememb", "registers.mem", v0x11f91ddc0 {0 0 0};
    %jmp T_3;
    .thread T_3;
# The file index is used to find the file name in the following table.
:file_names 3;
    "N/A";
    "<interactive>";
    "Register_block.v";
