Analysis & Synthesis report for AhmetYigitProject03
Sun Dec 10 15:47:52 2023
Quartus Prime Version 18.1.0 Build 625 09/12/2018 SJ Lite Edition


---------------------
; Table of Contents ;
---------------------
  1. Legal Notice
  2. Analysis & Synthesis Summary
  3. Analysis & Synthesis Settings
  4. Parallel Compilation
  5. Analysis & Synthesis Source Files Read
  6. Analysis & Synthesis Resource Usage Summary
  7. Analysis & Synthesis Resource Utilization by Entity
  8. State Machine - |Alu|Mod_32Bit:mod1|Mod_cu:control_unit|next_state
  9. State Machine - |Alu|Mod_32Bit:mod1|Mod_cu:control_unit|state
 10. Registers Removed During Synthesis
 11. General Register Statistics
 12. Multiplexer Restructuring Statistics (Restructuring Performed)
 13. Parameter Settings for User Entity Instance: Mod_32Bit:mod1|Mod_cu:control_unit
 14. Parameter Settings for User Entity Instance: Mod_32Bit:mod1|Mod_dp:datapath
 15. Port Connectivity Checks: "Mod_32Bit:mod1|Mod_dp:datapath"
 16. Port Connectivity Checks: "Substract_32Bit:sub1"
 17. Port Connectivity Checks: "LessThan_32Bit:lt1|Substract_32Bit:sub|FullAdder_32Bit:fa|FullAdder_16Bit_CLA:u1"
 18. Port Connectivity Checks: "LessThan_32Bit:lt1|Substract_32Bit:sub|FullAdder_32Bit:fa|FullAdder_16Bit_CLA:u0"
 19. Port Connectivity Checks: "LessThan_32Bit:lt1|Substract_32Bit:sub|FullAdder_32Bit:fa"
 20. Port Connectivity Checks: "LessThan_32Bit:lt1|Substract_32Bit:sub"
 21. Port Connectivity Checks: "LessThan_32Bit:lt1"
 22. Post-Synthesis Netlist Statistics for Top Partition
 23. Elapsed Time Per Partition
 24. Analysis & Synthesis Messages
 25. Analysis & Synthesis Suppressed Messages



----------------
; Legal Notice ;
----------------
Copyright (C) 2018  Intel Corporation. All rights reserved.
Your use of Intel Corporation's design tools, logic functions 
and other software and tools, and its AMPP partner logic 
functions, and any output files from any of the foregoing 
(including device programming or simulation files), and any 
associated documentation or information are expressly subject 
to the terms and conditions of the Intel Program License 
Subscription Agreement, the Intel Quartus Prime License Agreement,
the Intel FPGA IP License Agreement, or other applicable license
agreement, including, without limitation, that your use is for
the sole purpose of programming logic devices manufactured by
Intel and sold by Intel or its authorized distributors.  Please
refer to the applicable agreement for further details.



+-------------------------------------------------------------------------------+
; Analysis & Synthesis Summary                                                  ;
+---------------------------------+---------------------------------------------+
; Analysis & Synthesis Status     ; Successful - Sun Dec 10 15:47:51 2023       ;
; Quartus Prime Version           ; 18.1.0 Build 625 09/12/2018 SJ Lite Edition ;
; Revision Name                   ; AhmetYigitProject03                         ;
; Top-level Entity Name           ; Alu                                         ;
; Family                          ; Cyclone V                                   ;
; Logic utilization (in ALMs)     ; N/A                                         ;
; Total registers                 ; 36                                          ;
; Total pins                      ; 105                                         ;
; Total virtual pins              ; 0                                           ;
; Total block memory bits         ; 0                                           ;
; Total DSP Blocks                ; 0                                           ;
; Total HSSI RX PCSs              ; 0                                           ;
; Total HSSI PMA RX Deserializers ; 0                                           ;
; Total HSSI TX PCSs              ; 0                                           ;
; Total HSSI PMA TX Serializers   ; 0                                           ;
; Total PLLs                      ; 0                                           ;
; Total DLLs                      ; 0                                           ;
+---------------------------------+---------------------------------------------+


+----------------------------------------------------------------------------------------------------------------------------+
; Analysis & Synthesis Settings                                                                                              ;
+---------------------------------------------------------------------------------+--------------------+---------------------+
; Option                                                                          ; Setting            ; Default Value       ;
+---------------------------------------------------------------------------------+--------------------+---------------------+
; Device                                                                          ; 5CGXFC7C7F23C8     ;                     ;
; Top-level entity name                                                           ; Alu                ; AhmetYigitProject03 ;
; Family name                                                                     ; Cyclone V          ; Cyclone V           ;
; Use smart compilation                                                           ; Off                ; Off                 ;
; Enable parallel Assembler and Timing Analyzer during compilation                ; On                 ; On                  ;
; Enable compact report table                                                     ; Off                ; Off                 ;
; Restructure Multiplexers                                                        ; Auto               ; Auto                ;
; MLAB Add Timing Constraints For Mixed-Port Feed-Through Mode Setting Don't Care ; Off                ; Off                 ;
; Create Debugging Nodes for IP Cores                                             ; Off                ; Off                 ;
; Preserve fewer node names                                                       ; On                 ; On                  ;
; Intel FPGA IP Evaluation Mode                                                   ; Enable             ; Enable              ;
; Verilog Version                                                                 ; Verilog_2001       ; Verilog_2001        ;
; VHDL Version                                                                    ; VHDL_1993          ; VHDL_1993           ;
; State Machine Processing                                                        ; Auto               ; Auto                ;
; Safe State Machine                                                              ; Off                ; Off                 ;
; Extract Verilog State Machines                                                  ; On                 ; On                  ;
; Extract VHDL State Machines                                                     ; On                 ; On                  ;
; Ignore Verilog initial constructs                                               ; Off                ; Off                 ;
; Iteration limit for constant Verilog loops                                      ; 5000               ; 5000                ;
; Iteration limit for non-constant Verilog loops                                  ; 250                ; 250                 ;
; Add Pass-Through Logic to Inferred RAMs                                         ; On                 ; On                  ;
; Infer RAMs from Raw Logic                                                       ; On                 ; On                  ;
; Parallel Synthesis                                                              ; On                 ; On                  ;
; DSP Block Balancing                                                             ; Auto               ; Auto                ;
; NOT Gate Push-Back                                                              ; On                 ; On                  ;
; Power-Up Don't Care                                                             ; On                 ; On                  ;
; Remove Redundant Logic Cells                                                    ; Off                ; Off                 ;
; Remove Duplicate Registers                                                      ; On                 ; On                  ;
; Ignore CARRY Buffers                                                            ; Off                ; Off                 ;
; Ignore CASCADE Buffers                                                          ; Off                ; Off                 ;
; Ignore GLOBAL Buffers                                                           ; Off                ; Off                 ;
; Ignore ROW GLOBAL Buffers                                                       ; Off                ; Off                 ;
; Ignore LCELL Buffers                                                            ; Off                ; Off                 ;
; Ignore SOFT Buffers                                                             ; On                 ; On                  ;
; Limit AHDL Integers to 32 Bits                                                  ; Off                ; Off                 ;
; Optimization Technique                                                          ; Balanced           ; Balanced            ;
; Carry Chain Length                                                              ; 70                 ; 70                  ;
; Auto Carry Chains                                                               ; On                 ; On                  ;
; Auto Open-Drain Pins                                                            ; On                 ; On                  ;
; Perform WYSIWYG Primitive Resynthesis                                           ; Off                ; Off                 ;
; Auto ROM Replacement                                                            ; On                 ; On                  ;
; Auto RAM Replacement                                                            ; On                 ; On                  ;
; Auto DSP Block Replacement                                                      ; On                 ; On                  ;
; Auto Shift Register Replacement                                                 ; Auto               ; Auto                ;
; Allow Shift Register Merging across Hierarchies                                 ; Auto               ; Auto                ;
; Auto Clock Enable Replacement                                                   ; On                 ; On                  ;
; Strict RAM Replacement                                                          ; Off                ; Off                 ;
; Allow Synchronous Control Signals                                               ; On                 ; On                  ;
; Force Use of Synchronous Clear Signals                                          ; Off                ; Off                 ;
; Auto Resource Sharing                                                           ; Off                ; Off                 ;
; Allow Any RAM Size For Recognition                                              ; Off                ; Off                 ;
; Allow Any ROM Size For Recognition                                              ; Off                ; Off                 ;
; Allow Any Shift Register Size For Recognition                                   ; Off                ; Off                 ;
; Use LogicLock Constraints during Resource Balancing                             ; On                 ; On                  ;
; Ignore translate_off and synthesis_off directives                               ; Off                ; Off                 ;
; Timing-Driven Synthesis                                                         ; On                 ; On                  ;
; Report Parameter Settings                                                       ; On                 ; On                  ;
; Report Source Assignments                                                       ; On                 ; On                  ;
; Report Connectivity Checks                                                      ; On                 ; On                  ;
; Ignore Maximum Fan-Out Assignments                                              ; Off                ; Off                 ;
; Synchronization Register Chain Length                                           ; 3                  ; 3                   ;
; Power Optimization During Synthesis                                             ; Normal compilation ; Normal compilation  ;
; HDL message level                                                               ; Level2             ; Level2              ;
; Suppress Register Optimization Related Messages                                 ; Off                ; Off                 ;
; Number of Removed Registers Reported in Synthesis Report                        ; 5000               ; 5000                ;
; Number of Swept Nodes Reported in Synthesis Report                              ; 5000               ; 5000                ;
; Number of Inverted Registers Reported in Synthesis Report                       ; 100                ; 100                 ;
; Clock MUX Protection                                                            ; On                 ; On                  ;
; Auto Gated Clock Conversion                                                     ; Off                ; Off                 ;
; Block Design Naming                                                             ; Auto               ; Auto                ;
; SDC constraint protection                                                       ; Off                ; Off                 ;
; Synthesis Effort                                                                ; Auto               ; Auto                ;
; Shift Register Replacement - Allow Asynchronous Clear Signal                    ; On                 ; On                  ;
; Pre-Mapping Resynthesis Optimization                                            ; Off                ; Off                 ;
; Analysis & Synthesis Message Level                                              ; Medium             ; Medium              ;
; Disable Register Merging Across Hierarchies                                     ; Auto               ; Auto                ;
; Resource Aware Inference For Block RAM                                          ; On                 ; On                  ;
; Automatic Parallel Synthesis                                                    ; On                 ; On                  ;
; Partial Reconfiguration Bitstream ID                                            ; Off                ; Off                 ;
+---------------------------------------------------------------------------------+--------------------+---------------------+


+------------------------------------------+
; Parallel Compilation                     ;
+----------------------------+-------------+
; Processors                 ; Number      ;
+----------------------------+-------------+
; Number detected on machine ; 8           ;
; Maximum allowed            ; 4           ;
;                            ;             ;
; Average used               ; 1.00        ;
; Maximum used               ; 4           ;
;                            ;             ;
; Usage by Processor         ; % Time Used ;
;     Processor 1            ; 100.0%      ;
;     Processors 2-4         ;   0.0%      ;
+----------------------------+-------------+


+------------------------------------------------------------------------------------------------------------------------------------------+
; Analysis & Synthesis Source Files Read                                                                                                   ;
+----------------------------------+-----------------+------------------------+--------------------------------------------------+---------+
; File Name with User-Entered Path ; Used in Netlist ; File Type              ; File Name with Absolute Path                     ; Library ;
+----------------------------------+-----------------+------------------------+--------------------------------------------------+---------+
; src/Alu.v                        ; yes             ; User Verilog HDL File  ; C:/AhmetYigitProject03/src/Alu.v                 ;         ;
; src/And_32Bit.v                  ; yes             ; User Verilog HDL File  ; C:/AhmetYigitProject03/src/And_32Bit.v           ;         ;
; src/FullAdder_4Bit_CLA.v         ; yes             ; User Verilog HDL File  ; C:/AhmetYigitProject03/src/FullAdder_4Bit_CLA.v  ;         ;
; src/FullAdder_16Bit_CLA.v        ; yes             ; User Verilog HDL File  ; C:/AhmetYigitProject03/src/FullAdder_16Bit_CLA.v ;         ;
; src/FullAdder_32Bit.v            ; yes             ; User Verilog HDL File  ; C:/AhmetYigitProject03/src/FullAdder_32Bit.v     ;         ;
; src/LessThan_32Bit.v             ; yes             ; User Verilog HDL File  ; C:/AhmetYigitProject03/src/LessThan_32Bit.v      ;         ;
; src/Mod_32Bit.v                  ; yes             ; User Verilog HDL File  ; C:/AhmetYigitProject03/src/Mod_32Bit.v           ;         ;
; src/Mod_cu.v                     ; yes             ; User Verilog HDL File  ; C:/AhmetYigitProject03/src/Mod_cu.v              ;         ;
; src/Mod_dp.v                     ; yes             ; User Verilog HDL File  ; C:/AhmetYigitProject03/src/Mod_dp.v              ;         ;
; src/Mux8x1.v                     ; yes             ; User Verilog HDL File  ; C:/AhmetYigitProject03/src/Mux8x1.v              ;         ;
; src/Nor_32Bit.v                  ; yes             ; User Verilog HDL File  ; C:/AhmetYigitProject03/src/Nor_32Bit.v           ;         ;
; src/Or_32Bit.v                   ; yes             ; User Verilog HDL File  ; C:/AhmetYigitProject03/src/Or_32Bit.v            ;         ;
; src/Substract_32Bit.v            ; yes             ; User Verilog HDL File  ; C:/AhmetYigitProject03/src/Substract_32Bit.v     ;         ;
; src/Xor_32Bit.v                  ; yes             ; User Verilog HDL File  ; C:/AhmetYigitProject03/src/Xor_32Bit.v           ;         ;
+----------------------------------+-----------------+------------------------+--------------------------------------------------+---------+


+------------------------------------------------------------+
; Analysis & Synthesis Resource Usage Summary                ;
+---------------------------------------------+--------------+
; Resource                                    ; Usage        ;
+---------------------------------------------+--------------+
; Estimate of Logic utilization (ALMs needed) ; 191          ;
;                                             ;              ;
; Combinational ALUT usage for logic          ; 307          ;
;     -- 7 input functions                    ; 16           ;
;     -- 6 input functions                    ; 58           ;
;     -- 5 input functions                    ; 77           ;
;     -- 4 input functions                    ; 64           ;
;     -- <=3 input functions                  ; 92           ;
;                                             ;              ;
; Dedicated logic registers                   ; 36           ;
;                                             ;              ;
; I/O pins                                    ; 105          ;
;                                             ;              ;
; Total DSP Blocks                            ; 0            ;
;                                             ;              ;
; Maximum fan-out node                        ; sel[0]~input ;
; Maximum fan-out                             ; 38           ;
; Total fan-out                               ; 1647         ;
; Average fan-out                             ; 2.98         ;
+---------------------------------------------+--------------+


+----------------------------------------------------------------------------------------------------------------------------------------------------------------------------------------------------------------------------------------------------------------------------------------------------+
; Analysis & Synthesis Resource Utilization by Entity                                                                                                                                                                                                                                                ;
+----------------------------------------+---------------------+---------------------------+-------------------+------------+------+--------------+-------------------------------------------------------------------------------------------------------------+---------------------+--------------+
; Compilation Hierarchy Node             ; Combinational ALUTs ; Dedicated Logic Registers ; Block Memory Bits ; DSP Blocks ; Pins ; Virtual Pins ; Full Hierarchy Name                                                                                         ; Entity Name         ; Library Name ;
+----------------------------------------+---------------------+---------------------------+-------------------+------------+------+--------------+-------------------------------------------------------------------------------------------------------------+---------------------+--------------+
; |Alu                                   ; 307 (0)             ; 36 (0)                    ; 0                 ; 0          ; 105  ; 0            ; |Alu                                                                                                        ; Alu                 ; work         ;
;    |FullAdder_32Bit:fa1|               ; 45 (0)              ; 0 (0)                     ; 0                 ; 0          ; 0    ; 0            ; |Alu|FullAdder_32Bit:fa1                                                                                    ; FullAdder_32Bit     ; work         ;
;       |FullAdder_16Bit_CLA:u0|         ; 24 (10)             ; 0 (0)                     ; 0                 ; 0          ; 0    ; 0            ; |Alu|FullAdder_32Bit:fa1|FullAdder_16Bit_CLA:u0                                                             ; FullAdder_16Bit_CLA ; work         ;
;          |FullAdder_4Bit_CLA:u0|       ; 3 (3)               ; 0 (0)                     ; 0                 ; 0          ; 0    ; 0            ; |Alu|FullAdder_32Bit:fa1|FullAdder_16Bit_CLA:u0|FullAdder_4Bit_CLA:u0                                       ; FullAdder_4Bit_CLA  ; work         ;
;          |FullAdder_4Bit_CLA:u1|       ; 5 (5)               ; 0 (0)                     ; 0                 ; 0          ; 0    ; 0            ; |Alu|FullAdder_32Bit:fa1|FullAdder_16Bit_CLA:u0|FullAdder_4Bit_CLA:u1                                       ; FullAdder_4Bit_CLA  ; work         ;
;          |FullAdder_4Bit_CLA:u2|       ; 5 (5)               ; 0 (0)                     ; 0                 ; 0          ; 0    ; 0            ; |Alu|FullAdder_32Bit:fa1|FullAdder_16Bit_CLA:u0|FullAdder_4Bit_CLA:u2                                       ; FullAdder_4Bit_CLA  ; work         ;
;          |FullAdder_4Bit_CLA:u3|       ; 1 (1)               ; 0 (0)                     ; 0                 ; 0          ; 0    ; 0            ; |Alu|FullAdder_32Bit:fa1|FullAdder_16Bit_CLA:u0|FullAdder_4Bit_CLA:u3                                       ; FullAdder_4Bit_CLA  ; work         ;
;       |FullAdder_16Bit_CLA:u1|         ; 21 (8)              ; 0 (0)                     ; 0                 ; 0          ; 0    ; 0            ; |Alu|FullAdder_32Bit:fa1|FullAdder_16Bit_CLA:u1                                                             ; FullAdder_16Bit_CLA ; work         ;
;          |FullAdder_4Bit_CLA:u0|       ; 6 (6)               ; 0 (0)                     ; 0                 ; 0          ; 0    ; 0            ; |Alu|FullAdder_32Bit:fa1|FullAdder_16Bit_CLA:u1|FullAdder_4Bit_CLA:u0                                       ; FullAdder_4Bit_CLA  ; work         ;
;          |FullAdder_4Bit_CLA:u1|       ; 3 (3)               ; 0 (0)                     ; 0                 ; 0          ; 0    ; 0            ; |Alu|FullAdder_32Bit:fa1|FullAdder_16Bit_CLA:u1|FullAdder_4Bit_CLA:u1                                       ; FullAdder_4Bit_CLA  ; work         ;
;          |FullAdder_4Bit_CLA:u2|       ; 1 (1)               ; 0 (0)                     ; 0                 ; 0          ; 0    ; 0            ; |Alu|FullAdder_32Bit:fa1|FullAdder_16Bit_CLA:u1|FullAdder_4Bit_CLA:u2                                       ; FullAdder_4Bit_CLA  ; work         ;
;          |FullAdder_4Bit_CLA:u3|       ; 3 (3)               ; 0 (0)                     ; 0                 ; 0          ; 0    ; 0            ; |Alu|FullAdder_32Bit:fa1|FullAdder_16Bit_CLA:u1|FullAdder_4Bit_CLA:u3                                       ; FullAdder_4Bit_CLA  ; work         ;
;    |LessThan_32Bit:lt1|                ; 38 (0)              ; 0 (0)                     ; 0                 ; 0          ; 0    ; 0            ; |Alu|LessThan_32Bit:lt1                                                                                     ; LessThan_32Bit      ; work         ;
;       |Substract_32Bit:sub|            ; 38 (0)              ; 0 (0)                     ; 0                 ; 0          ; 0    ; 0            ; |Alu|LessThan_32Bit:lt1|Substract_32Bit:sub                                                                 ; Substract_32Bit     ; work         ;
;          |FullAdder_32Bit:fa|          ; 38 (0)              ; 0 (0)                     ; 0                 ; 0          ; 0    ; 0            ; |Alu|LessThan_32Bit:lt1|Substract_32Bit:sub|FullAdder_32Bit:fa                                              ; FullAdder_32Bit     ; work         ;
;             |FullAdder_16Bit_CLA:u0|   ; 14 (7)              ; 0 (0)                     ; 0                 ; 0          ; 0    ; 0            ; |Alu|LessThan_32Bit:lt1|Substract_32Bit:sub|FullAdder_32Bit:fa|FullAdder_16Bit_CLA:u0                       ; FullAdder_16Bit_CLA ; work         ;
;                |FullAdder_4Bit_CLA:u1| ; 2 (2)               ; 0 (0)                     ; 0                 ; 0          ; 0    ; 0            ; |Alu|LessThan_32Bit:lt1|Substract_32Bit:sub|FullAdder_32Bit:fa|FullAdder_16Bit_CLA:u0|FullAdder_4Bit_CLA:u1 ; FullAdder_4Bit_CLA  ; work         ;
;                |FullAdder_4Bit_CLA:u2| ; 2 (2)               ; 0 (0)                     ; 0                 ; 0          ; 0    ; 0            ; |Alu|LessThan_32Bit:lt1|Substract_32Bit:sub|FullAdder_32Bit:fa|FullAdder_16Bit_CLA:u0|FullAdder_4Bit_CLA:u2 ; FullAdder_4Bit_CLA  ; work         ;
;                |FullAdder_4Bit_CLA:u3| ; 3 (3)               ; 0 (0)                     ; 0                 ; 0          ; 0    ; 0            ; |Alu|LessThan_32Bit:lt1|Substract_32Bit:sub|FullAdder_32Bit:fa|FullAdder_16Bit_CLA:u0|FullAdder_4Bit_CLA:u3 ; FullAdder_4Bit_CLA  ; work         ;
;             |FullAdder_16Bit_CLA:u1|   ; 24 (8)              ; 0 (0)                     ; 0                 ; 0          ; 0    ; 0            ; |Alu|LessThan_32Bit:lt1|Substract_32Bit:sub|FullAdder_32Bit:fa|FullAdder_16Bit_CLA:u1                       ; FullAdder_16Bit_CLA ; work         ;
;                |FullAdder_4Bit_CLA:u0| ; 1 (1)               ; 0 (0)                     ; 0                 ; 0          ; 0    ; 0            ; |Alu|LessThan_32Bit:lt1|Substract_32Bit:sub|FullAdder_32Bit:fa|FullAdder_16Bit_CLA:u1|FullAdder_4Bit_CLA:u0 ; FullAdder_4Bit_CLA  ; work         ;
;                |FullAdder_4Bit_CLA:u1| ; 5 (5)               ; 0 (0)                     ; 0                 ; 0          ; 0    ; 0            ; |Alu|LessThan_32Bit:lt1|Substract_32Bit:sub|FullAdder_32Bit:fa|FullAdder_16Bit_CLA:u1|FullAdder_4Bit_CLA:u1 ; FullAdder_4Bit_CLA  ; work         ;
;                |FullAdder_4Bit_CLA:u2| ; 5 (5)               ; 0 (0)                     ; 0                 ; 0          ; 0    ; 0            ; |Alu|LessThan_32Bit:lt1|Substract_32Bit:sub|FullAdder_32Bit:fa|FullAdder_16Bit_CLA:u1|FullAdder_4Bit_CLA:u2 ; FullAdder_4Bit_CLA  ; work         ;
;                |FullAdder_4Bit_CLA:u3| ; 5 (5)               ; 0 (0)                     ; 0                 ; 0          ; 0    ; 0            ; |Alu|LessThan_32Bit:lt1|Substract_32Bit:sub|FullAdder_32Bit:fa|FullAdder_16Bit_CLA:u1|FullAdder_4Bit_CLA:u3 ; FullAdder_4Bit_CLA  ; work         ;
;    |Mod_32Bit:mod1|                    ; 76 (0)              ; 36 (0)                    ; 0                 ; 0          ; 0    ; 0            ; |Alu|Mod_32Bit:mod1                                                                                         ; Mod_32Bit           ; work         ;
;       |Mod_cu:control_unit|            ; 76 (76)             ; 36 (36)                   ; 0                 ; 0          ; 0    ; 0            ; |Alu|Mod_32Bit:mod1|Mod_cu:control_unit                                                                     ; Mod_cu              ; work         ;
;    |Mux8x1:mux8x1|                     ; 112 (112)           ; 0 (0)                     ; 0                 ; 0          ; 0    ; 0            ; |Alu|Mux8x1:mux8x1                                                                                          ; Mux8x1              ; work         ;
;    |Substract_32Bit:sub1|              ; 35 (0)              ; 0 (0)                     ; 0                 ; 0          ; 0    ; 0            ; |Alu|Substract_32Bit:sub1                                                                                   ; Substract_32Bit     ; work         ;
;       |FullAdder_32Bit:fa|             ; 35 (0)              ; 0 (0)                     ; 0                 ; 0          ; 0    ; 0            ; |Alu|Substract_32Bit:sub1|FullAdder_32Bit:fa                                                                ; FullAdder_32Bit     ; work         ;
;          |FullAdder_16Bit_CLA:u0|      ; 19 (7)              ; 0 (0)                     ; 0                 ; 0          ; 0    ; 0            ; |Alu|Substract_32Bit:sub1|FullAdder_32Bit:fa|FullAdder_16Bit_CLA:u0                                         ; FullAdder_16Bit_CLA ; work         ;
;             |FullAdder_4Bit_CLA:u0|    ; 5 (5)               ; 0 (0)                     ; 0                 ; 0          ; 0    ; 0            ; |Alu|Substract_32Bit:sub1|FullAdder_32Bit:fa|FullAdder_16Bit_CLA:u0|FullAdder_4Bit_CLA:u0                   ; FullAdder_4Bit_CLA  ; work         ;
;             |FullAdder_4Bit_CLA:u1|    ; 2 (2)               ; 0 (0)                     ; 0                 ; 0          ; 0    ; 0            ; |Alu|Substract_32Bit:sub1|FullAdder_32Bit:fa|FullAdder_16Bit_CLA:u0|FullAdder_4Bit_CLA:u1                   ; FullAdder_4Bit_CLA  ; work         ;
;             |FullAdder_4Bit_CLA:u2|    ; 3 (3)               ; 0 (0)                     ; 0                 ; 0          ; 0    ; 0            ; |Alu|Substract_32Bit:sub1|FullAdder_32Bit:fa|FullAdder_16Bit_CLA:u0|FullAdder_4Bit_CLA:u2                   ; FullAdder_4Bit_CLA  ; work         ;
;             |FullAdder_4Bit_CLA:u3|    ; 2 (2)               ; 0 (0)                     ; 0                 ; 0          ; 0    ; 0            ; |Alu|Substract_32Bit:sub1|FullAdder_32Bit:fa|FullAdder_16Bit_CLA:u0|FullAdder_4Bit_CLA:u3                   ; FullAdder_4Bit_CLA  ; work         ;
;          |FullAdder_16Bit_CLA:u1|      ; 16 (6)              ; 0 (0)                     ; 0                 ; 0          ; 0    ; 0            ; |Alu|Substract_32Bit:sub1|FullAdder_32Bit:fa|FullAdder_16Bit_CLA:u1                                         ; FullAdder_16Bit_CLA ; work         ;
;             |FullAdder_4Bit_CLA:u0|    ; 4 (4)               ; 0 (0)                     ; 0                 ; 0          ; 0    ; 0            ; |Alu|Substract_32Bit:sub1|FullAdder_32Bit:fa|FullAdder_16Bit_CLA:u1|FullAdder_4Bit_CLA:u0                   ; FullAdder_4Bit_CLA  ; work         ;
;             |FullAdder_4Bit_CLA:u1|    ; 2 (2)               ; 0 (0)                     ; 0                 ; 0          ; 0    ; 0            ; |Alu|Substract_32Bit:sub1|FullAdder_32Bit:fa|FullAdder_16Bit_CLA:u1|FullAdder_4Bit_CLA:u1                   ; FullAdder_4Bit_CLA  ; work         ;
;             |FullAdder_4Bit_CLA:u2|    ; 2 (2)               ; 0 (0)                     ; 0                 ; 0          ; 0    ; 0            ; |Alu|Substract_32Bit:sub1|FullAdder_32Bit:fa|FullAdder_16Bit_CLA:u1|FullAdder_4Bit_CLA:u2                   ; FullAdder_4Bit_CLA  ; work         ;
;             |FullAdder_4Bit_CLA:u3|    ; 2 (2)               ; 0 (0)                     ; 0                 ; 0          ; 0    ; 0            ; |Alu|Substract_32Bit:sub1|FullAdder_32Bit:fa|FullAdder_16Bit_CLA:u1|FullAdder_4Bit_CLA:u3                   ; FullAdder_4Bit_CLA  ; work         ;
;    |Xor_32Bit:xor1|                    ; 1 (1)               ; 0 (0)                     ; 0                 ; 0          ; 0    ; 0            ; |Alu|Xor_32Bit:xor1                                                                                         ; Xor_32Bit           ; work         ;
+----------------------------------------+---------------------+---------------------------+-------------------+------------+------+--------------+-------------------------------------------------------------------------------------------------------------+---------------------+--------------+
Note: For table entries with two numbers listed, the numbers in parentheses indicate the number of resources of the given type used by the specific entity alone. The numbers listed outside of parentheses indicate the total resources of the given type used by the specific entity and all of its sub-entities in the hierarchy.


Encoding Type:  One-Hot
+------------------------------------------------------------------------------------------------------------+
; State Machine - |Alu|Mod_32Bit:mod1|Mod_cu:control_unit|next_state                                         ;
+-----------------------+-----------------+--------------------+---------------------+-----------------------+
; Name                  ; next_state.DONE ; next_state.COMPARE ; next_state.SUBTRACT ; next_state.INITIALIZE ;
+-----------------------+-----------------+--------------------+---------------------+-----------------------+
; next_state.INITIALIZE ; 0               ; 0                  ; 0                   ; 0                     ;
; next_state.SUBTRACT   ; 0               ; 0                  ; 1                   ; 1                     ;
; next_state.COMPARE    ; 0               ; 1                  ; 0                   ; 1                     ;
; next_state.DONE       ; 1               ; 0                  ; 0                   ; 1                     ;
+-----------------------+-----------------+--------------------+---------------------+-----------------------+


Encoding Type:  One-Hot
+-----------------------------------------------------------------------------------+
; State Machine - |Alu|Mod_32Bit:mod1|Mod_cu:control_unit|state                     ;
+------------------+------------+---------------+----------------+------------------+
; Name             ; state.DONE ; state.COMPARE ; state.SUBTRACT ; state.INITIALIZE ;
+------------------+------------+---------------+----------------+------------------+
; state.INITIALIZE ; 0          ; 0             ; 0              ; 0                ;
; state.SUBTRACT   ; 0          ; 0             ; 1              ; 1                ;
; state.COMPARE    ; 0          ; 1             ; 0              ; 1                ;
; state.DONE       ; 1          ; 0             ; 0              ; 1                ;
+------------------+------------+---------------+----------------+------------------+


+--------------------------------------------------------------------------+
; Registers Removed During Synthesis                                       ;
+-----------------------------------------------------+--------------------+
; Register name                                       ; Reason for Removal ;
+-----------------------------------------------------+--------------------+
; Mod_32Bit:mod1|Mod_cu:control_unit|state.INITIALIZE ; Lost fanout        ;
; Mod_32Bit:mod1|Mod_cu:control_unit|state.SUBTRACT   ; Lost fanout        ;
; Mod_32Bit:mod1|Mod_cu:control_unit|state.COMPARE    ; Lost fanout        ;
; Mod_32Bit:mod1|Mod_cu:control_unit|state.DONE       ; Lost fanout        ;
; Mod_32Bit:mod1|Mod_cu:control_unit|next_state~2     ; Lost fanout        ;
; Mod_32Bit:mod1|Mod_cu:control_unit|next_state~3     ; Lost fanout        ;
; Mod_32Bit:mod1|Mod_cu:control_unit|state~6          ; Lost fanout        ;
; Mod_32Bit:mod1|Mod_cu:control_unit|state~7          ; Lost fanout        ;
; Total Number of Removed Registers = 8               ;                    ;
+-----------------------------------------------------+--------------------+


+------------------------------------------------------+
; General Register Statistics                          ;
+----------------------------------------------+-------+
; Statistic                                    ; Value ;
+----------------------------------------------+-------+
; Total registers                              ; 36    ;
; Number of registers using Synchronous Clear  ; 0     ;
; Number of registers using Synchronous Load   ; 32    ;
; Number of registers using Asynchronous Clear ; 0     ;
; Number of registers using Asynchronous Load  ; 0     ;
; Number of registers using Clock Enable       ; 35    ;
; Number of registers using Preset             ; 0     ;
+----------------------------------------------+-------+


+----------------------------------------------------------------------------------------------------------------------------------------------------------------+
; Multiplexer Restructuring Statistics (Restructuring Performed)                                                                                                 ;
+--------------------+-----------+---------------+----------------------+------------------------+------------+--------------------------------------------------+
; Multiplexer Inputs ; Bus Width ; Baseline Area ; Area if Restructured ; Saving if Restructured ; Registered ; Example Multiplexer Output                       ;
+--------------------+-----------+---------------+----------------------+------------------------+------------+--------------------------------------------------+
; 3:1                ; 32 bits   ; 64 LEs        ; 0 LEs                ; 64 LEs                 ; Yes        ; |Alu|Mod_32Bit:mod1|Mod_cu:control_unit|temp[15] ;
; 8:1                ; 31 bits   ; 155 LEs       ; 155 LEs              ; 0 LEs                  ; No         ; |Alu|Mux8x1:mux8x1|Mux23                         ;
+--------------------+-----------+---------------+----------------------+------------------------+------------+--------------------------------------------------+


+---------------------------------------------------------------------------------+
; Parameter Settings for User Entity Instance: Mod_32Bit:mod1|Mod_cu:control_unit ;
+----------------+-------+--------------------------------------------------------+
; Parameter Name ; Value ; Type                                                   ;
+----------------+-------+--------------------------------------------------------+
; INITIALIZE     ; 00    ; Unsigned Binary                                        ;
; SUBTRACT       ; 01    ; Unsigned Binary                                        ;
; COMPARE        ; 10    ; Unsigned Binary                                        ;
; DONE           ; 11    ; Unsigned Binary                                        ;
+----------------+-------+--------------------------------------------------------+
Note: In order to hide this table in the UI and the text report file, please set the "Show Parameter Settings in Synthesis Report" option in "Analysis and Synthesis Settings -> More Settings" to "Off".


+-----------------------------------------------------------------------------+
; Parameter Settings for User Entity Instance: Mod_32Bit:mod1|Mod_dp:datapath ;
+----------------+-------+----------------------------------------------------+
; Parameter Name ; Value ; Type                                               ;
+----------------+-------+----------------------------------------------------+
; INITIALIZE     ; 00    ; Unsigned Binary                                    ;
; SUBTRACT       ; 01    ; Unsigned Binary                                    ;
; COMPARE        ; 10    ; Unsigned Binary                                    ;
; DONE           ; 11    ; Unsigned Binary                                    ;
+----------------+-------+----------------------------------------------------+
Note: In order to hide this table in the UI and the text report file, please set the "Show Parameter Settings in Synthesis Report" option in "Analysis and Synthesis Settings -> More Settings" to "Off".


+--------------------------------------------------------------------------------------------------------------------------------------------------------------------------+
; Port Connectivity Checks: "Mod_32Bit:mod1|Mod_dp:datapath"                                                                                                               ;
+-------+-------+----------+-----------------------------------------------------------------------------------------------------------------------------------------------+
; Port  ; Type  ; Severity ; Details                                                                                                                                       ;
+-------+-------+----------+-----------------------------------------------------------------------------------------------------------------------------------------------+
; state ; Input ; Warning  ; Input port expression (1 bits) is smaller than the input port (2 bits) it drives.  Extra input bit(s) "state[1..1]" will be connected to GND. ;
+-------+-------+----------+-----------------------------------------------------------------------------------------------------------------------------------------------+


+----------------------------------------------------------------------------------------------------------------+
; Port Connectivity Checks: "Substract_32Bit:sub1"                                                               ;
+------+--------+----------+-------------------------------------------------------------------------------------+
; Port ; Type   ; Severity ; Details                                                                             ;
+------+--------+----------+-------------------------------------------------------------------------------------+
; Cout ; Output ; Info     ; Connected to dangling logic. Logic that only feeds a dangling port will be removed. ;
+------+--------+----------+-------------------------------------------------------------------------------------+


+----------------------------------------------------------------------------------------------------------------------------------------------------+
; Port Connectivity Checks: "LessThan_32Bit:lt1|Substract_32Bit:sub|FullAdder_32Bit:fa|FullAdder_16Bit_CLA:u1"                                       ;
+---------+--------+----------+----------------------------------------------------------------------------------------------------------------------+
; Port    ; Type   ; Severity ; Details                                                                                                              ;
+---------+--------+----------+----------------------------------------------------------------------------------------------------------------------+
; C       ; Output ; Warning  ; Output or bidir port (7 bits) is wider than the port expression (3 bits) it drives; bit(s) "C[6..3]" have no fanouts ;
; C[1..0] ; Output ; Info     ; Connected to dangling logic. Logic that only feeds a dangling port will be removed.                                  ;
+---------+--------+----------+----------------------------------------------------------------------------------------------------------------------+


+----------------------------------------------------------------------------------------------------------------------------------------------------+
; Port Connectivity Checks: "LessThan_32Bit:lt1|Substract_32Bit:sub|FullAdder_32Bit:fa|FullAdder_16Bit_CLA:u0"                                       ;
+---------+--------+----------+----------------------------------------------------------------------------------------------------------------------+
; Port    ; Type   ; Severity ; Details                                                                                                              ;
+---------+--------+----------+----------------------------------------------------------------------------------------------------------------------+
; C       ; Output ; Warning  ; Output or bidir port (7 bits) is wider than the port expression (4 bits) it drives; bit(s) "C[6..4]" have no fanouts ;
; C[2..0] ; Output ; Info     ; Connected to dangling logic. Logic that only feeds a dangling port will be removed.                                  ;
+---------+--------+----------+----------------------------------------------------------------------------------------------------------------------+


+---------------------------------------------------------------------------------------+
; Port Connectivity Checks: "LessThan_32Bit:lt1|Substract_32Bit:sub|FullAdder_32Bit:fa" ;
+------+-------+----------+-------------------------------------------------------------+
; Port ; Type  ; Severity ; Details                                                     ;
+------+-------+----------+-------------------------------------------------------------+
; cin  ; Input ; Info     ; Stuck at VCC                                                ;
+------+-------+----------+-------------------------------------------------------------+


+-------------------------------------------------------------------------------------------------------------------------+
; Port Connectivity Checks: "LessThan_32Bit:lt1|Substract_32Bit:sub"                                                      ;
+---------------+--------+----------+-------------------------------------------------------------------------------------+
; Port          ; Type   ; Severity ; Details                                                                             ;
+---------------+--------+----------+-------------------------------------------------------------------------------------+
; Result[30..0] ; Output ; Info     ; Connected to dangling logic. Logic that only feeds a dangling port will be removed. ;
; Cout          ; Output ; Info     ; Connected to dangling logic. Logic that only feeds a dangling port will be removed. ;
+---------------+--------+----------+-------------------------------------------------------------------------------------+


+--------------------------------------------------------------------------------------------------------------------------------------------------------------------------------------------------------+
; Port Connectivity Checks: "LessThan_32Bit:lt1"                                                                                                                                                         ;
+----------+--------+----------+-------------------------------------------------------------------------------------------------------------------------------------------------------------------------+
; Port     ; Type   ; Severity ; Details                                                                                                                                                                 ;
+----------+--------+----------+-------------------------------------------------------------------------------------------------------------------------------------------------------------------------+
; LessThan ; Output ; Warning  ; Output or bidir port (1 bits) is smaller than the port expression (32 bits) it drives.  The 31 most-significant bit(s) in the port expression will be connected to GND. ;
+----------+--------+----------+-------------------------------------------------------------------------------------------------------------------------------------------------------------------------+


+-----------------------------------------------------+
; Post-Synthesis Netlist Statistics for Top Partition ;
+-----------------------+-----------------------------+
; Type                  ; Count                       ;
+-----------------------+-----------------------------+
; arriav_ff             ; 36                          ;
;     ENA               ; 3                           ;
;     ENA SLD           ; 32                          ;
;     plain             ; 1                           ;
; arriav_lcell_comb     ; 307                         ;
;     extend            ; 16                          ;
;         7 data inputs ; 16                          ;
;     normal            ; 259                         ;
;         2 data inputs ; 38                          ;
;         3 data inputs ; 22                          ;
;         4 data inputs ; 64                          ;
;         5 data inputs ; 77                          ;
;         6 data inputs ; 58                          ;
;     shared            ; 32                          ;
;         2 data inputs ; 32                          ;
; boundary_port         ; 105                         ;
;                       ;                             ;
; Max LUT depth         ; 8.00                        ;
; Average LUT depth     ; 5.51                        ;
+-----------------------+-----------------------------+


+-------------------------------+
; Elapsed Time Per Partition    ;
+----------------+--------------+
; Partition Name ; Elapsed Time ;
+----------------+--------------+
; Top            ; 00:00:01     ;
+----------------+--------------+


+-------------------------------+
; Analysis & Synthesis Messages ;
+-------------------------------+
Info: *******************************************************************
Info: Running Quartus Prime Analysis & Synthesis
    Info: Version 18.1.0 Build 625 09/12/2018 SJ Lite Edition
    Info: Processing started: Sun Dec 10 15:47:37 2023
Info: Command: quartus_map --read_settings_files=on --write_settings_files=off AhmetYigitProject03 -c AhmetYigitProject03
Warning (18236): Number of processors has not been specified which may cause overloading on shared machines.  Set the global assignment NUM_PARALLEL_PROCESSORS in your QSF to an appropriate value for best performance.
Info (20030): Parallel compilation is enabled and will use 4 of the 4 processors detected
Info (12021): Found 1 design units, including 1 entities, in source file src/add_32bit.v
    Info (12023): Found entity 1: Add_32Bit File: C:/AhmetYigitProject03/src/Add_32Bit.v Line: 1
Info (12021): Found 1 design units, including 1 entities, in source file src/add_32bit_tb.v
    Info (12023): Found entity 1: Add_32Bit_tb File: C:/AhmetYigitProject03/src/Add_32Bit_tb.v Line: 2
Info (12021): Found 1 design units, including 1 entities, in source file src/alu.v
    Info (12023): Found entity 1: Alu File: C:/AhmetYigitProject03/src/Alu.v Line: 1
Info (12021): Found 1 design units, including 1 entities, in source file src/alu_tb.v
    Info (12023): Found entity 1: Alu_tb File: C:/AhmetYigitProject03/src/Alu_tb.v Line: 3
Info (12021): Found 1 design units, including 1 entities, in source file src/and_32bit.v
    Info (12023): Found entity 1: And_32Bit File: C:/AhmetYigitProject03/src/And_32Bit.v Line: 1
Info (12021): Found 1 design units, including 1 entities, in source file src/and_32bit_tb.v
    Info (12023): Found entity 1: And_32Bit_tb File: C:/AhmetYigitProject03/src/And_32Bit_tb.v Line: 1
Info (12021): Found 1 design units, including 1 entities, in source file src/fulladder_4bit_cla.v
    Info (12023): Found entity 1: FullAdder_4Bit_CLA File: C:/AhmetYigitProject03/src/FullAdder_4Bit_CLA.v Line: 1
Info (12021): Found 1 design units, including 1 entities, in source file src/fulladder_4bit_cla_tb.v
    Info (12023): Found entity 1: FullAdder_4Bit_CLA_tb File: C:/AhmetYigitProject03/src/FullAdder_4Bit_CLA_tb.v Line: 1
Info (12021): Found 1 design units, including 1 entities, in source file src/fulladder_16bit_cla.v
    Info (12023): Found entity 1: FullAdder_16Bit_CLA File: C:/AhmetYigitProject03/src/FullAdder_16Bit_CLA.v Line: 1
Info (12021): Found 1 design units, including 1 entities, in source file src/fulladder_32bit.v
    Info (12023): Found entity 1: FullAdder_32Bit File: C:/AhmetYigitProject03/src/FullAdder_32Bit.v Line: 1
Info (12021): Found 1 design units, including 1 entities, in source file src/fulladder_32bit_tb.v
    Info (12023): Found entity 1: FullAdder_32Bit_tb File: C:/AhmetYigitProject03/src/FullAdder_32Bit_tb.v Line: 3
Info (12021): Found 1 design units, including 1 entities, in source file src/lessthan_32bit.v
    Info (12023): Found entity 1: LessThan_32Bit File: C:/AhmetYigitProject03/src/LessThan_32Bit.v Line: 1
Info (12021): Found 1 design units, including 1 entities, in source file src/lessthan_32bit_tb.v
    Info (12023): Found entity 1: LessThan_32Bit_tb File: C:/AhmetYigitProject03/src/LessThan_32Bit_tb.v Line: 2
Info (12021): Found 1 design units, including 1 entities, in source file src/mod_32bit.v
    Info (12023): Found entity 1: Mod_32Bit File: C:/AhmetYigitProject03/src/Mod_32Bit.v Line: 1
Info (12021): Found 1 design units, including 1 entities, in source file src/mod_32bit_tb.v
    Info (12023): Found entity 1: Mod_32Bit_tb File: C:/AhmetYigitProject03/src/Mod_32Bit_tb.v Line: 2
Info (12021): Found 1 design units, including 1 entities, in source file src/mod_cu.v
    Info (12023): Found entity 1: Mod_cu File: C:/AhmetYigitProject03/src/Mod_cu.v Line: 1
Info (12021): Found 1 design units, including 1 entities, in source file src/mod_cu_tb.v
    Info (12023): Found entity 1: Mod_cu_tb File: C:/AhmetYigitProject03/src/Mod_cu_tb.v Line: 3
Info (12021): Found 1 design units, including 1 entities, in source file src/mod_dp.v
    Info (12023): Found entity 1: Mod_dp File: C:/AhmetYigitProject03/src/Mod_dp.v Line: 1
Info (12021): Found 1 design units, including 1 entities, in source file src/mux8x1.v
    Info (12023): Found entity 1: Mux8x1 File: C:/AhmetYigitProject03/src/Mux8x1.v Line: 1
Info (12021): Found 1 design units, including 1 entities, in source file src/nor_32bit.v
    Info (12023): Found entity 1: Nor_32Bit File: C:/AhmetYigitProject03/src/Nor_32Bit.v Line: 1
Info (12021): Found 1 design units, including 1 entities, in source file src/or_32bit_tb.v
    Info (12023): Found entity 1: Or_32Bit_tb File: C:/AhmetYigitProject03/src/Or_32Bit_tb.v Line: 1
Info (12021): Found 1 design units, including 1 entities, in source file src/or_32bit.v
    Info (12023): Found entity 1: Or_32Bit File: C:/AhmetYigitProject03/src/Or_32Bit.v Line: 1
Info (12021): Found 1 design units, including 1 entities, in source file src/nor_32bit_tb.v
    Info (12023): Found entity 1: Nor_32Bit_tb File: C:/AhmetYigitProject03/src/Nor_32Bit_tb.v Line: 1
Info (12021): Found 2 design units, including 2 entities, in source file src/substract_32bit.v
    Info (12023): Found entity 1: Substract_32Bit File: C:/AhmetYigitProject03/src/Substract_32Bit.v Line: 1
    Info (12023): Found entity 2: Inverter File: C:/AhmetYigitProject03/src/Substract_32Bit.v Line: 21
Info (12021): Found 1 design units, including 1 entities, in source file src/substract_32bit_tb.v
    Info (12023): Found entity 1: Substract_32Bit_tb File: C:/AhmetYigitProject03/src/Substract_32Bit_tb.v Line: 2
Info (12021): Found 1 design units, including 1 entities, in source file src/xor_32bit.v
    Info (12023): Found entity 1: Xor_32Bit File: C:/AhmetYigitProject03/src/Xor_32Bit.v Line: 1
Info (12021): Found 1 design units, including 1 entities, in source file src/xor_32bit_tb.v
    Info (12023): Found entity 1: Xor_32Bit_tb File: C:/AhmetYigitProject03/src/Xor_32Bit_tb.v Line: 1
Warning (10236): Verilog HDL Implicit Net warning at Alu.v(23): created implicit net for "c_outt" File: C:/AhmetYigitProject03/src/Alu.v Line: 23
Warning (10236): Verilog HDL Implicit Net warning at FullAdder_4Bit_CLA.v(71): created implicit net for "Cout" File: C:/AhmetYigitProject03/src/FullAdder_4Bit_CLA.v Line: 71
Info (12127): Elaborating entity "Alu" for the top level hierarchy
Info (12128): Elaborating entity "And_32Bit" for hierarchy "And_32Bit:and1" File: C:/AhmetYigitProject03/src/Alu.v Line: 17
Info (12128): Elaborating entity "Or_32Bit" for hierarchy "Or_32Bit:or1" File: C:/AhmetYigitProject03/src/Alu.v Line: 18
Info (12128): Elaborating entity "Xor_32Bit" for hierarchy "Xor_32Bit:xor1" File: C:/AhmetYigitProject03/src/Alu.v Line: 19
Info (12128): Elaborating entity "Nor_32Bit" for hierarchy "Nor_32Bit:nor1" File: C:/AhmetYigitProject03/src/Alu.v Line: 20
Info (12128): Elaborating entity "LessThan_32Bit" for hierarchy "LessThan_32Bit:lt1" File: C:/AhmetYigitProject03/src/Alu.v Line: 21
Warning (10739): Verilog HDL warning at LessThan_32Bit.v(12): actual bit length 32 differs from formal bit length 1 File: C:/AhmetYigitProject03/src/LessThan_32Bit.v Line: 12
Info (12128): Elaborating entity "Substract_32Bit" for hierarchy "LessThan_32Bit:lt1|Substract_32Bit:sub" File: C:/AhmetYigitProject03/src/LessThan_32Bit.v Line: 10
Info (12128): Elaborating entity "Inverter" for hierarchy "LessThan_32Bit:lt1|Substract_32Bit:sub|Inverter:inv" File: C:/AhmetYigitProject03/src/Substract_32Bit.v Line: 5
Info (12128): Elaborating entity "FullAdder_32Bit" for hierarchy "LessThan_32Bit:lt1|Substract_32Bit:sub|FullAdder_32Bit:fa" File: C:/AhmetYigitProject03/src/Substract_32Bit.v Line: 13
Warning (10739): Verilog HDL warning at FullAdder_32Bit.v(8): actual bit length 32 differs from formal bit length 1 File: C:/AhmetYigitProject03/src/FullAdder_32Bit.v Line: 8
Info (12128): Elaborating entity "FullAdder_16Bit_CLA" for hierarchy "LessThan_32Bit:lt1|Substract_32Bit:sub|FullAdder_32Bit:fa|FullAdder_16Bit_CLA:u0" File: C:/AhmetYigitProject03/src/FullAdder_32Bit.v Line: 5
Warning (10034): Output port "C[6..4]" at FullAdder_16Bit_CLA.v(6) has no driver File: C:/AhmetYigitProject03/src/FullAdder_16Bit_CLA.v Line: 6
Info (12128): Elaborating entity "FullAdder_4Bit_CLA" for hierarchy "LessThan_32Bit:lt1|Substract_32Bit:sub|FullAdder_32Bit:fa|FullAdder_16Bit_CLA:u0|FullAdder_4Bit_CLA:u0" File: C:/AhmetYigitProject03/src/FullAdder_16Bit_CLA.v Line: 11
Warning (10739): Verilog HDL warning at FullAdder_4Bit_CLA.v(24): actual bit length 32 differs from formal bit length 1 File: C:/AhmetYigitProject03/src/FullAdder_4Bit_CLA.v Line: 24
Info (12128): Elaborating entity "Mod_32Bit" for hierarchy "Mod_32Bit:mod1" File: C:/AhmetYigitProject03/src/Alu.v Line: 33
Info (12128): Elaborating entity "Mod_cu" for hierarchy "Mod_32Bit:mod1|Mod_cu:control_unit" File: C:/AhmetYigitProject03/src/Mod_32Bit.v Line: 21
Warning (10036): Verilog HDL or VHDL warning at Mod_cu.v(16): object "state" assigned a value but never read File: C:/AhmetYigitProject03/src/Mod_cu.v Line: 16
Info (12128): Elaborating entity "Mod_dp" for hierarchy "Mod_32Bit:mod1|Mod_dp:datapath" File: C:/AhmetYigitProject03/src/Mod_32Bit.v Line: 30
Warning (10036): Verilog HDL or VHDL warning at Mod_dp.v(15): object "result" assigned a value but never read File: C:/AhmetYigitProject03/src/Mod_dp.v Line: 15
Warning (12158): Entity "Mod_dp" contains only dangling pins File: C:/AhmetYigitProject03/src/Mod_32Bit.v Line: 30
Info (12128): Elaborating entity "Mux8x1" for hierarchy "Mux8x1:mux8x1" File: C:/AhmetYigitProject03/src/Alu.v Line: 50
Warning (12030): Port "ordered port 4" on the entity instantiation of "u1" is connected to a signal of width 3. The formal width of the signal in the module is 7.  The extra bits will be left dangling without any fan-out logic. File: C:/AhmetYigitProject03/src/FullAdder_32Bit.v Line: 6
Warning (12030): Port "ordered port 4" on the entity instantiation of "u0" is connected to a signal of width 4. The formal width of the signal in the module is 7.  The extra bits will be left dangling without any fan-out logic. File: C:/AhmetYigitProject03/src/FullAdder_32Bit.v Line: 5
Warning (12030): Port "ordered port 4" on the entity instantiation of "u1" is connected to a signal of width 3. The formal width of the signal in the module is 7.  The extra bits will be left dangling without any fan-out logic. File: C:/AhmetYigitProject03/src/FullAdder_32Bit.v Line: 6
Warning (12030): Port "ordered port 4" on the entity instantiation of "u0" is connected to a signal of width 4. The formal width of the signal in the module is 7.  The extra bits will be left dangling without any fan-out logic. File: C:/AhmetYigitProject03/src/FullAdder_32Bit.v Line: 5
Warning (12011): Net is missing source, defaulting to GND
    Warning (12110): Net "lt_result[31]" is missing source, defaulting to GND File: C:/AhmetYigitProject03/src/Alu.v Line: 14
    Warning (12110): Net "lt_result[30]" is missing source, defaulting to GND File: C:/AhmetYigitProject03/src/Alu.v Line: 14
    Warning (12110): Net "lt_result[29]" is missing source, defaulting to GND File: C:/AhmetYigitProject03/src/Alu.v Line: 14
    Warning (12110): Net "lt_result[28]" is missing source, defaulting to GND File: C:/AhmetYigitProject03/src/Alu.v Line: 14
    Warning (12110): Net "lt_result[27]" is missing source, defaulting to GND File: C:/AhmetYigitProject03/src/Alu.v Line: 14
    Warning (12110): Net "lt_result[26]" is missing source, defaulting to GND File: C:/AhmetYigitProject03/src/Alu.v Line: 14
    Warning (12110): Net "lt_result[25]" is missing source, defaulting to GND File: C:/AhmetYigitProject03/src/Alu.v Line: 14
    Warning (12110): Net "lt_result[24]" is missing source, defaulting to GND File: C:/AhmetYigitProject03/src/Alu.v Line: 14
    Warning (12110): Net "lt_result[23]" is missing source, defaulting to GND File: C:/AhmetYigitProject03/src/Alu.v Line: 14
    Warning (12110): Net "lt_result[22]" is missing source, defaulting to GND File: C:/AhmetYigitProject03/src/Alu.v Line: 14
    Warning (12110): Net "lt_result[21]" is missing source, defaulting to GND File: C:/AhmetYigitProject03/src/Alu.v Line: 14
    Warning (12110): Net "lt_result[20]" is missing source, defaulting to GND File: C:/AhmetYigitProject03/src/Alu.v Line: 14
    Warning (12110): Net "lt_result[19]" is missing source, defaulting to GND File: C:/AhmetYigitProject03/src/Alu.v Line: 14
    Warning (12110): Net "lt_result[18]" is missing source, defaulting to GND File: C:/AhmetYigitProject03/src/Alu.v Line: 14
    Warning (12110): Net "lt_result[17]" is missing source, defaulting to GND File: C:/AhmetYigitProject03/src/Alu.v Line: 14
    Warning (12110): Net "lt_result[16]" is missing source, defaulting to GND File: C:/AhmetYigitProject03/src/Alu.v Line: 14
    Warning (12110): Net "lt_result[15]" is missing source, defaulting to GND File: C:/AhmetYigitProject03/src/Alu.v Line: 14
    Warning (12110): Net "lt_result[14]" is missing source, defaulting to GND File: C:/AhmetYigitProject03/src/Alu.v Line: 14
    Warning (12110): Net "lt_result[13]" is missing source, defaulting to GND File: C:/AhmetYigitProject03/src/Alu.v Line: 14
    Warning (12110): Net "lt_result[12]" is missing source, defaulting to GND File: C:/AhmetYigitProject03/src/Alu.v Line: 14
    Warning (12110): Net "lt_result[11]" is missing source, defaulting to GND File: C:/AhmetYigitProject03/src/Alu.v Line: 14
    Warning (12110): Net "lt_result[10]" is missing source, defaulting to GND File: C:/AhmetYigitProject03/src/Alu.v Line: 14
    Warning (12110): Net "lt_result[9]" is missing source, defaulting to GND File: C:/AhmetYigitProject03/src/Alu.v Line: 14
    Warning (12110): Net "lt_result[8]" is missing source, defaulting to GND File: C:/AhmetYigitProject03/src/Alu.v Line: 14
    Warning (12110): Net "lt_result[7]" is missing source, defaulting to GND File: C:/AhmetYigitProject03/src/Alu.v Line: 14
    Warning (12110): Net "lt_result[6]" is missing source, defaulting to GND File: C:/AhmetYigitProject03/src/Alu.v Line: 14
    Warning (12110): Net "lt_result[5]" is missing source, defaulting to GND File: C:/AhmetYigitProject03/src/Alu.v Line: 14
    Warning (12110): Net "lt_result[4]" is missing source, defaulting to GND File: C:/AhmetYigitProject03/src/Alu.v Line: 14
    Warning (12110): Net "lt_result[3]" is missing source, defaulting to GND File: C:/AhmetYigitProject03/src/Alu.v Line: 14
    Warning (12110): Net "lt_result[2]" is missing source, defaulting to GND File: C:/AhmetYigitProject03/src/Alu.v Line: 14
    Warning (12110): Net "lt_result[1]" is missing source, defaulting to GND File: C:/AhmetYigitProject03/src/Alu.v Line: 14
Warning (12011): Net is missing source, defaulting to GND
    Warning (12110): Net "lt_result[31]" is missing source, defaulting to GND File: C:/AhmetYigitProject03/src/Alu.v Line: 14
    Warning (12110): Net "lt_result[30]" is missing source, defaulting to GND File: C:/AhmetYigitProject03/src/Alu.v Line: 14
    Warning (12110): Net "lt_result[29]" is missing source, defaulting to GND File: C:/AhmetYigitProject03/src/Alu.v Line: 14
    Warning (12110): Net "lt_result[28]" is missing source, defaulting to GND File: C:/AhmetYigitProject03/src/Alu.v Line: 14
    Warning (12110): Net "lt_result[27]" is missing source, defaulting to GND File: C:/AhmetYigitProject03/src/Alu.v Line: 14
    Warning (12110): Net "lt_result[26]" is missing source, defaulting to GND File: C:/AhmetYigitProject03/src/Alu.v Line: 14
    Warning (12110): Net "lt_result[25]" is missing source, defaulting to GND File: C:/AhmetYigitProject03/src/Alu.v Line: 14
    Warning (12110): Net "lt_result[24]" is missing source, defaulting to GND File: C:/AhmetYigitProject03/src/Alu.v Line: 14
    Warning (12110): Net "lt_result[23]" is missing source, defaulting to GND File: C:/AhmetYigitProject03/src/Alu.v Line: 14
    Warning (12110): Net "lt_result[22]" is missing source, defaulting to GND File: C:/AhmetYigitProject03/src/Alu.v Line: 14
    Warning (12110): Net "lt_result[21]" is missing source, defaulting to GND File: C:/AhmetYigitProject03/src/Alu.v Line: 14
    Warning (12110): Net "lt_result[20]" is missing source, defaulting to GND File: C:/AhmetYigitProject03/src/Alu.v Line: 14
    Warning (12110): Net "lt_result[19]" is missing source, defaulting to GND File: C:/AhmetYigitProject03/src/Alu.v Line: 14
    Warning (12110): Net "lt_result[18]" is missing source, defaulting to GND File: C:/AhmetYigitProject03/src/Alu.v Line: 14
    Warning (12110): Net "lt_result[17]" is missing source, defaulting to GND File: C:/AhmetYigitProject03/src/Alu.v Line: 14
    Warning (12110): Net "lt_result[16]" is missing source, defaulting to GND File: C:/AhmetYigitProject03/src/Alu.v Line: 14
    Warning (12110): Net "lt_result[15]" is missing source, defaulting to GND File: C:/AhmetYigitProject03/src/Alu.v Line: 14
    Warning (12110): Net "lt_result[14]" is missing source, defaulting to GND File: C:/AhmetYigitProject03/src/Alu.v Line: 14
    Warning (12110): Net "lt_result[13]" is missing source, defaulting to GND File: C:/AhmetYigitProject03/src/Alu.v Line: 14
    Warning (12110): Net "lt_result[12]" is missing source, defaulting to GND File: C:/AhmetYigitProject03/src/Alu.v Line: 14
    Warning (12110): Net "lt_result[11]" is missing source, defaulting to GND File: C:/AhmetYigitProject03/src/Alu.v Line: 14
    Warning (12110): Net "lt_result[10]" is missing source, defaulting to GND File: C:/AhmetYigitProject03/src/Alu.v Line: 14
    Warning (12110): Net "lt_result[9]" is missing source, defaulting to GND File: C:/AhmetYigitProject03/src/Alu.v Line: 14
    Warning (12110): Net "lt_result[8]" is missing source, defaulting to GND File: C:/AhmetYigitProject03/src/Alu.v Line: 14
    Warning (12110): Net "lt_result[7]" is missing source, defaulting to GND File: C:/AhmetYigitProject03/src/Alu.v Line: 14
    Warning (12110): Net "lt_result[6]" is missing source, defaulting to GND File: C:/AhmetYigitProject03/src/Alu.v Line: 14
    Warning (12110): Net "lt_result[5]" is missing source, defaulting to GND File: C:/AhmetYigitProject03/src/Alu.v Line: 14
    Warning (12110): Net "lt_result[4]" is missing source, defaulting to GND File: C:/AhmetYigitProject03/src/Alu.v Line: 14
    Warning (12110): Net "lt_result[3]" is missing source, defaulting to GND File: C:/AhmetYigitProject03/src/Alu.v Line: 14
    Warning (12110): Net "lt_result[2]" is missing source, defaulting to GND File: C:/AhmetYigitProject03/src/Alu.v Line: 14
    Warning (12110): Net "lt_result[1]" is missing source, defaulting to GND File: C:/AhmetYigitProject03/src/Alu.v Line: 14
Warning (12011): Net is missing source, defaulting to GND
    Warning (12110): Net "lt_result[31]" is missing source, defaulting to GND File: C:/AhmetYigitProject03/src/Alu.v Line: 14
    Warning (12110): Net "lt_result[30]" is missing source, defaulting to GND File: C:/AhmetYigitProject03/src/Alu.v Line: 14
    Warning (12110): Net "lt_result[29]" is missing source, defaulting to GND File: C:/AhmetYigitProject03/src/Alu.v Line: 14
    Warning (12110): Net "lt_result[28]" is missing source, defaulting to GND File: C:/AhmetYigitProject03/src/Alu.v Line: 14
    Warning (12110): Net "lt_result[27]" is missing source, defaulting to GND File: C:/AhmetYigitProject03/src/Alu.v Line: 14
    Warning (12110): Net "lt_result[26]" is missing source, defaulting to GND File: C:/AhmetYigitProject03/src/Alu.v Line: 14
    Warning (12110): Net "lt_result[25]" is missing source, defaulting to GND File: C:/AhmetYigitProject03/src/Alu.v Line: 14
    Warning (12110): Net "lt_result[24]" is missing source, defaulting to GND File: C:/AhmetYigitProject03/src/Alu.v Line: 14
    Warning (12110): Net "lt_result[23]" is missing source, defaulting to GND File: C:/AhmetYigitProject03/src/Alu.v Line: 14
    Warning (12110): Net "lt_result[22]" is missing source, defaulting to GND File: C:/AhmetYigitProject03/src/Alu.v Line: 14
    Warning (12110): Net "lt_result[21]" is missing source, defaulting to GND File: C:/AhmetYigitProject03/src/Alu.v Line: 14
    Warning (12110): Net "lt_result[20]" is missing source, defaulting to GND File: C:/AhmetYigitProject03/src/Alu.v Line: 14
    Warning (12110): Net "lt_result[19]" is missing source, defaulting to GND File: C:/AhmetYigitProject03/src/Alu.v Line: 14
    Warning (12110): Net "lt_result[18]" is missing source, defaulting to GND File: C:/AhmetYigitProject03/src/Alu.v Line: 14
    Warning (12110): Net "lt_result[17]" is missing source, defaulting to GND File: C:/AhmetYigitProject03/src/Alu.v Line: 14
    Warning (12110): Net "lt_result[16]" is missing source, defaulting to GND File: C:/AhmetYigitProject03/src/Alu.v Line: 14
    Warning (12110): Net "lt_result[15]" is missing source, defaulting to GND File: C:/AhmetYigitProject03/src/Alu.v Line: 14
    Warning (12110): Net "lt_result[14]" is missing source, defaulting to GND File: C:/AhmetYigitProject03/src/Alu.v Line: 14
    Warning (12110): Net "lt_result[13]" is missing source, defaulting to GND File: C:/AhmetYigitProject03/src/Alu.v Line: 14
    Warning (12110): Net "lt_result[12]" is missing source, defaulting to GND File: C:/AhmetYigitProject03/src/Alu.v Line: 14
    Warning (12110): Net "lt_result[11]" is missing source, defaulting to GND File: C:/AhmetYigitProject03/src/Alu.v Line: 14
    Warning (12110): Net "lt_result[10]" is missing source, defaulting to GND File: C:/AhmetYigitProject03/src/Alu.v Line: 14
    Warning (12110): Net "lt_result[9]" is missing source, defaulting to GND File: C:/AhmetYigitProject03/src/Alu.v Line: 14
    Warning (12110): Net "lt_result[8]" is missing source, defaulting to GND File: C:/AhmetYigitProject03/src/Alu.v Line: 14
    Warning (12110): Net "lt_result[7]" is missing source, defaulting to GND File: C:/AhmetYigitProject03/src/Alu.v Line: 14
    Warning (12110): Net "lt_result[6]" is missing source, defaulting to GND File: C:/AhmetYigitProject03/src/Alu.v Line: 14
    Warning (12110): Net "lt_result[5]" is missing source, defaulting to GND File: C:/AhmetYigitProject03/src/Alu.v Line: 14
    Warning (12110): Net "lt_result[4]" is missing source, defaulting to GND File: C:/AhmetYigitProject03/src/Alu.v Line: 14
    Warning (12110): Net "lt_result[3]" is missing source, defaulting to GND File: C:/AhmetYigitProject03/src/Alu.v Line: 14
    Warning (12110): Net "lt_result[2]" is missing source, defaulting to GND File: C:/AhmetYigitProject03/src/Alu.v Line: 14
    Warning (12110): Net "lt_result[1]" is missing source, defaulting to GND File: C:/AhmetYigitProject03/src/Alu.v Line: 14
Warning (12011): Net is missing source, defaulting to GND
    Warning (12110): Net "lt_result[31]" is missing source, defaulting to GND File: C:/AhmetYigitProject03/src/Alu.v Line: 14
    Warning (12110): Net "lt_result[30]" is missing source, defaulting to GND File: C:/AhmetYigitProject03/src/Alu.v Line: 14
    Warning (12110): Net "lt_result[29]" is missing source, defaulting to GND File: C:/AhmetYigitProject03/src/Alu.v Line: 14
    Warning (12110): Net "lt_result[28]" is missing source, defaulting to GND File: C:/AhmetYigitProject03/src/Alu.v Line: 14
    Warning (12110): Net "lt_result[27]" is missing source, defaulting to GND File: C:/AhmetYigitProject03/src/Alu.v Line: 14
    Warning (12110): Net "lt_result[26]" is missing source, defaulting to GND File: C:/AhmetYigitProject03/src/Alu.v Line: 14
    Warning (12110): Net "lt_result[25]" is missing source, defaulting to GND File: C:/AhmetYigitProject03/src/Alu.v Line: 14
    Warning (12110): Net "lt_result[24]" is missing source, defaulting to GND File: C:/AhmetYigitProject03/src/Alu.v Line: 14
    Warning (12110): Net "lt_result[23]" is missing source, defaulting to GND File: C:/AhmetYigitProject03/src/Alu.v Line: 14
    Warning (12110): Net "lt_result[22]" is missing source, defaulting to GND File: C:/AhmetYigitProject03/src/Alu.v Line: 14
    Warning (12110): Net "lt_result[21]" is missing source, defaulting to GND File: C:/AhmetYigitProject03/src/Alu.v Line: 14
    Warning (12110): Net "lt_result[20]" is missing source, defaulting to GND File: C:/AhmetYigitProject03/src/Alu.v Line: 14
    Warning (12110): Net "lt_result[19]" is missing source, defaulting to GND File: C:/AhmetYigitProject03/src/Alu.v Line: 14
    Warning (12110): Net "lt_result[18]" is missing source, defaulting to GND File: C:/AhmetYigitProject03/src/Alu.v Line: 14
    Warning (12110): Net "lt_result[17]" is missing source, defaulting to GND File: C:/AhmetYigitProject03/src/Alu.v Line: 14
    Warning (12110): Net "lt_result[16]" is missing source, defaulting to GND File: C:/AhmetYigitProject03/src/Alu.v Line: 14
    Warning (12110): Net "lt_result[15]" is missing source, defaulting to GND File: C:/AhmetYigitProject03/src/Alu.v Line: 14
    Warning (12110): Net "lt_result[14]" is missing source, defaulting to GND File: C:/AhmetYigitProject03/src/Alu.v Line: 14
    Warning (12110): Net "lt_result[13]" is missing source, defaulting to GND File: C:/AhmetYigitProject03/src/Alu.v Line: 14
    Warning (12110): Net "lt_result[12]" is missing source, defaulting to GND File: C:/AhmetYigitProject03/src/Alu.v Line: 14
    Warning (12110): Net "lt_result[11]" is missing source, defaulting to GND File: C:/AhmetYigitProject03/src/Alu.v Line: 14
    Warning (12110): Net "lt_result[10]" is missing source, defaulting to GND File: C:/AhmetYigitProject03/src/Alu.v Line: 14
    Warning (12110): Net "lt_result[9]" is missing source, defaulting to GND File: C:/AhmetYigitProject03/src/Alu.v Line: 14
    Warning (12110): Net "lt_result[8]" is missing source, defaulting to GND File: C:/AhmetYigitProject03/src/Alu.v Line: 14
    Warning (12110): Net "lt_result[7]" is missing source, defaulting to GND File: C:/AhmetYigitProject03/src/Alu.v Line: 14
    Warning (12110): Net "lt_result[6]" is missing source, defaulting to GND File: C:/AhmetYigitProject03/src/Alu.v Line: 14
    Warning (12110): Net "lt_result[5]" is missing source, defaulting to GND File: C:/AhmetYigitProject03/src/Alu.v Line: 14
    Warning (12110): Net "lt_result[4]" is missing source, defaulting to GND File: C:/AhmetYigitProject03/src/Alu.v Line: 14
    Warning (12110): Net "lt_result[3]" is missing source, defaulting to GND File: C:/AhmetYigitProject03/src/Alu.v Line: 14
    Warning (12110): Net "lt_result[2]" is missing source, defaulting to GND File: C:/AhmetYigitProject03/src/Alu.v Line: 14
    Warning (12110): Net "lt_result[1]" is missing source, defaulting to GND File: C:/AhmetYigitProject03/src/Alu.v Line: 14
Warning (12011): Net is missing source, defaulting to GND
    Warning (12110): Net "lt_result[31]" is missing source, defaulting to GND File: C:/AhmetYigitProject03/src/Alu.v Line: 14
    Warning (12110): Net "lt_result[30]" is missing source, defaulting to GND File: C:/AhmetYigitProject03/src/Alu.v Line: 14
    Warning (12110): Net "lt_result[29]" is missing source, defaulting to GND File: C:/AhmetYigitProject03/src/Alu.v Line: 14
    Warning (12110): Net "lt_result[28]" is missing source, defaulting to GND File: C:/AhmetYigitProject03/src/Alu.v Line: 14
    Warning (12110): Net "lt_result[27]" is missing source, defaulting to GND File: C:/AhmetYigitProject03/src/Alu.v Line: 14
    Warning (12110): Net "lt_result[26]" is missing source, defaulting to GND File: C:/AhmetYigitProject03/src/Alu.v Line: 14
    Warning (12110): Net "lt_result[25]" is missing source, defaulting to GND File: C:/AhmetYigitProject03/src/Alu.v Line: 14
    Warning (12110): Net "lt_result[24]" is missing source, defaulting to GND File: C:/AhmetYigitProject03/src/Alu.v Line: 14
    Warning (12110): Net "lt_result[23]" is missing source, defaulting to GND File: C:/AhmetYigitProject03/src/Alu.v Line: 14
    Warning (12110): Net "lt_result[22]" is missing source, defaulting to GND File: C:/AhmetYigitProject03/src/Alu.v Line: 14
    Warning (12110): Net "lt_result[21]" is missing source, defaulting to GND File: C:/AhmetYigitProject03/src/Alu.v Line: 14
    Warning (12110): Net "lt_result[20]" is missing source, defaulting to GND File: C:/AhmetYigitProject03/src/Alu.v Line: 14
    Warning (12110): Net "lt_result[19]" is missing source, defaulting to GND File: C:/AhmetYigitProject03/src/Alu.v Line: 14
    Warning (12110): Net "lt_result[18]" is missing source, defaulting to GND File: C:/AhmetYigitProject03/src/Alu.v Line: 14
    Warning (12110): Net "lt_result[17]" is missing source, defaulting to GND File: C:/AhmetYigitProject03/src/Alu.v Line: 14
    Warning (12110): Net "lt_result[16]" is missing source, defaulting to GND File: C:/AhmetYigitProject03/src/Alu.v Line: 14
    Warning (12110): Net "lt_result[15]" is missing source, defaulting to GND File: C:/AhmetYigitProject03/src/Alu.v Line: 14
    Warning (12110): Net "lt_result[14]" is missing source, defaulting to GND File: C:/AhmetYigitProject03/src/Alu.v Line: 14
    Warning (12110): Net "lt_result[13]" is missing source, defaulting to GND File: C:/AhmetYigitProject03/src/Alu.v Line: 14
    Warning (12110): Net "lt_result[12]" is missing source, defaulting to GND File: C:/AhmetYigitProject03/src/Alu.v Line: 14
    Warning (12110): Net "lt_result[11]" is missing source, defaulting to GND File: C:/AhmetYigitProject03/src/Alu.v Line: 14
    Warning (12110): Net "lt_result[10]" is missing source, defaulting to GND File: C:/AhmetYigitProject03/src/Alu.v Line: 14
    Warning (12110): Net "lt_result[9]" is missing source, defaulting to GND File: C:/AhmetYigitProject03/src/Alu.v Line: 14
    Warning (12110): Net "lt_result[8]" is missing source, defaulting to GND File: C:/AhmetYigitProject03/src/Alu.v Line: 14
    Warning (12110): Net "lt_result[7]" is missing source, defaulting to GND File: C:/AhmetYigitProject03/src/Alu.v Line: 14
    Warning (12110): Net "lt_result[6]" is missing source, defaulting to GND File: C:/AhmetYigitProject03/src/Alu.v Line: 14
    Warning (12110): Net "lt_result[5]" is missing source, defaulting to GND File: C:/AhmetYigitProject03/src/Alu.v Line: 14
    Warning (12110): Net "lt_result[4]" is missing source, defaulting to GND File: C:/AhmetYigitProject03/src/Alu.v Line: 14
    Warning (12110): Net "lt_result[3]" is missing source, defaulting to GND File: C:/AhmetYigitProject03/src/Alu.v Line: 14
    Warning (12110): Net "lt_result[2]" is missing source, defaulting to GND File: C:/AhmetYigitProject03/src/Alu.v Line: 14
    Warning (12110): Net "lt_result[1]" is missing source, defaulting to GND File: C:/AhmetYigitProject03/src/Alu.v Line: 14
Warning (12241): 4 hierarchies have connectivity warnings - see the Connectivity Checks report folder
Info (286030): Timing-Driven Synthesis is running
Info (17049): 8 registers lost all their fanouts during netlist optimizations.
Info (144001): Generated suppressed messages file C:/AhmetYigitProject03/output_files/AhmetYigitProject03.map.smsg
Info (16010): Generating hard_block partition "hard_block:auto_generated_inst"
    Info (16011): Adding 0 node(s), including 0 DDIO, 0 PLL, 0 transceiver and 0 LCELL
Warning (21074): Design contains 1 input pin(s) that do not drive logic
    Warning (15610): No output dependent on input pin "reset" File: C:/AhmetYigitProject03/src/Alu.v Line: 9
Info (21057): Implemented 413 device resources after synthesis - the final resource count might be different
    Info (21058): Implemented 71 input pins
    Info (21059): Implemented 34 output pins
    Info (21061): Implemented 308 logic cells
Info: Quartus Prime Analysis & Synthesis was successful. 0 errors, 177 warnings
    Info: Peak virtual memory: 4831 megabytes
    Info: Processing ended: Sun Dec 10 15:47:52 2023
    Info: Elapsed time: 00:00:15
    Info: Total CPU time (on all processors): 00:00:32


+------------------------------------------+
; Analysis & Synthesis Suppressed Messages ;
+------------------------------------------+
The suppressed messages can be found in C:/AhmetYigitProject03/output_files/AhmetYigitProject03.map.smsg.


