Analysis & Synthesis report for Mips
Fri Jan 19 10:57:50 2024
Quartus Prime Version 18.1.0 Build 625 09/12/2018 SJ Lite Edition


---------------------
; Table of Contents ;
---------------------
  1. Legal Notice
  2. Analysis & Synthesis Summary
  3. Analysis & Synthesis Settings
  4. Parallel Compilation
  5. Analysis & Synthesis Source Files Read
  6. Analysis & Synthesis Resource Usage Summary
  7. Analysis & Synthesis Resource Utilization by Entity
  8. General Register Statistics
  9. Port Connectivity Checks: "Control_for_Jr:crJr"
 10. Port Connectivity Checks: "FullAdder_32Bit:adder2"
 11. Port Connectivity Checks: "FullAdder_32Bit:adder"
 12. Port Connectivity Checks: "Memory_block:memBlock"
 13. Port Connectivity Checks: "Alu:aluUnit|FullAdder_32Bit:fa1"
 14. Port Connectivity Checks: "Alu:aluUnit|LessThan_32Bit:lt1|Substract_32Bit:sub|FullAdder_32Bit:fa|FullAdder_16Bit_CLA:u1"
 15. Port Connectivity Checks: "Alu:aluUnit|LessThan_32Bit:lt1|Substract_32Bit:sub|FullAdder_32Bit:fa|FullAdder_16Bit_CLA:u0"
 16. Port Connectivity Checks: "Alu:aluUnit|LessThan_32Bit:lt1|Substract_32Bit:sub|FullAdder_32Bit:fa"
 17. Port Connectivity Checks: "Alu:aluUnit|LessThan_32Bit:lt1|Substract_32Bit:sub"
 18. Port Connectivity Checks: "Alu:aluUnit|LessThan_32Bit:lt1"
 19. Port Connectivity Checks: "Control_unit:ctrlUnit"
 20. Post-Synthesis Netlist Statistics for Top Partition
 21. Elapsed Time Per Partition
 22. Analysis & Synthesis Messages
 23. Analysis & Synthesis Suppressed Messages



----------------
; Legal Notice ;
----------------
Copyright (C) 2018  Intel Corporation. All rights reserved.
Your use of Intel Corporation's design tools, logic functions 
and other software and tools, and its AMPP partner logic 
functions, and any output files from any of the foregoing 
(including device programming or simulation files), and any 
associated documentation or information are expressly subject 
to the terms and conditions of the Intel Program License 
Subscription Agreement, the Intel Quartus Prime License Agreement,
the Intel FPGA IP License Agreement, or other applicable license
agreement, including, without limitation, that your use is for
the sole purpose of programming logic devices manufactured by
Intel and sold by Intel or its authorized distributors.  Please
refer to the applicable agreement for further details.



+-------------------------------------------------------------------------------+
; Analysis & Synthesis Summary                                                  ;
+---------------------------------+---------------------------------------------+
; Analysis & Synthesis Status     ; Successful - Fri Jan 19 10:57:50 2024       ;
; Quartus Prime Version           ; 18.1.0 Build 625 09/12/2018 SJ Lite Edition ;
; Revision Name                   ; Mips                                        ;
; Top-level Entity Name           ; Mips                                        ;
; Family                          ; Cyclone V                                   ;
; Logic utilization (in ALMs)     ; N/A                                         ;
; Total registers                 ; 0                                           ;
; Total pins                      ; 1                                           ;
; Total virtual pins              ; 0                                           ;
; Total block memory bits         ; 0                                           ;
; Total DSP Blocks                ; 0                                           ;
; Total HSSI RX PCSs              ; 0                                           ;
; Total HSSI PMA RX Deserializers ; 0                                           ;
; Total HSSI TX PCSs              ; 0                                           ;
; Total HSSI PMA TX Serializers   ; 0                                           ;
; Total PLLs                      ; 0                                           ;
; Total DLLs                      ; 0                                           ;
+---------------------------------+---------------------------------------------+


+---------------------------------------------------------------------------------------------------------------------------+
; Analysis & Synthesis Settings                                                                                             ;
+---------------------------------------------------------------------------------+--------------------+--------------------+
; Option                                                                          ; Setting            ; Default Value      ;
+---------------------------------------------------------------------------------+--------------------+--------------------+
; Device                                                                          ; 5CGXFC7C7F23C8     ;                    ;
; Top-level entity name                                                           ; Mips               ; Mips               ;
; Family name                                                                     ; Cyclone V          ; Cyclone V          ;
; Use smart compilation                                                           ; Off                ; Off                ;
; Enable parallel Assembler and Timing Analyzer during compilation                ; On                 ; On                 ;
; Enable compact report table                                                     ; Off                ; Off                ;
; Restructure Multiplexers                                                        ; Auto               ; Auto               ;
; MLAB Add Timing Constraints For Mixed-Port Feed-Through Mode Setting Don't Care ; Off                ; Off                ;
; Create Debugging Nodes for IP Cores                                             ; Off                ; Off                ;
; Preserve fewer node names                                                       ; On                 ; On                 ;
; Intel FPGA IP Evaluation Mode                                                   ; Enable             ; Enable             ;
; Verilog Version                                                                 ; Verilog_2001       ; Verilog_2001       ;
; VHDL Version                                                                    ; VHDL_1993          ; VHDL_1993          ;
; State Machine Processing                                                        ; Auto               ; Auto               ;
; Safe State Machine                                                              ; Off                ; Off                ;
; Extract Verilog State Machines                                                  ; On                 ; On                 ;
; Extract VHDL State Machines                                                     ; On                 ; On                 ;
; Ignore Verilog initial constructs                                               ; Off                ; Off                ;
; Iteration limit for constant Verilog loops                                      ; 5000               ; 5000               ;
; Iteration limit for non-constant Verilog loops                                  ; 250                ; 250                ;
; Add Pass-Through Logic to Inferred RAMs                                         ; On                 ; On                 ;
; Infer RAMs from Raw Logic                                                       ; On                 ; On                 ;
; Parallel Synthesis                                                              ; On                 ; On                 ;
; DSP Block Balancing                                                             ; Auto               ; Auto               ;
; NOT Gate Push-Back                                                              ; On                 ; On                 ;
; Power-Up Don't Care                                                             ; On                 ; On                 ;
; Remove Redundant Logic Cells                                                    ; Off                ; Off                ;
; Remove Duplicate Registers                                                      ; On                 ; On                 ;
; Ignore CARRY Buffers                                                            ; Off                ; Off                ;
; Ignore CASCADE Buffers                                                          ; Off                ; Off                ;
; Ignore GLOBAL Buffers                                                           ; Off                ; Off                ;
; Ignore ROW GLOBAL Buffers                                                       ; Off                ; Off                ;
; Ignore LCELL Buffers                                                            ; Off                ; Off                ;
; Ignore SOFT Buffers                                                             ; On                 ; On                 ;
; Limit AHDL Integers to 32 Bits                                                  ; Off                ; Off                ;
; Optimization Technique                                                          ; Balanced           ; Balanced           ;
; Carry Chain Length                                                              ; 70                 ; 70                 ;
; Auto Carry Chains                                                               ; On                 ; On                 ;
; Auto Open-Drain Pins                                                            ; On                 ; On                 ;
; Perform WYSIWYG Primitive Resynthesis                                           ; Off                ; Off                ;
; Auto ROM Replacement                                                            ; On                 ; On                 ;
; Auto RAM Replacement                                                            ; On                 ; On                 ;
; Auto DSP Block Replacement                                                      ; On                 ; On                 ;
; Auto Shift Register Replacement                                                 ; Auto               ; Auto               ;
; Allow Shift Register Merging across Hierarchies                                 ; Auto               ; Auto               ;
; Auto Clock Enable Replacement                                                   ; On                 ; On                 ;
; Strict RAM Replacement                                                          ; Off                ; Off                ;
; Allow Synchronous Control Signals                                               ; On                 ; On                 ;
; Force Use of Synchronous Clear Signals                                          ; Off                ; Off                ;
; Auto Resource Sharing                                                           ; Off                ; Off                ;
; Allow Any RAM Size For Recognition                                              ; Off                ; Off                ;
; Allow Any ROM Size For Recognition                                              ; Off                ; Off                ;
; Allow Any Shift Register Size For Recognition                                   ; Off                ; Off                ;
; Use LogicLock Constraints during Resource Balancing                             ; On                 ; On                 ;
; Ignore translate_off and synthesis_off directives                               ; Off                ; Off                ;
; Timing-Driven Synthesis                                                         ; On                 ; On                 ;
; Report Parameter Settings                                                       ; On                 ; On                 ;
; Report Source Assignments                                                       ; On                 ; On                 ;
; Report Connectivity Checks                                                      ; On                 ; On                 ;
; Ignore Maximum Fan-Out Assignments                                              ; Off                ; Off                ;
; Synchronization Register Chain Length                                           ; 3                  ; 3                  ;
; Power Optimization During Synthesis                                             ; Normal compilation ; Normal compilation ;
; HDL message level                                                               ; Level2             ; Level2             ;
; Suppress Register Optimization Related Messages                                 ; Off                ; Off                ;
; Number of Removed Registers Reported in Synthesis Report                        ; 5000               ; 5000               ;
; Number of Swept Nodes Reported in Synthesis Report                              ; 5000               ; 5000               ;
; Number of Inverted Registers Reported in Synthesis Report                       ; 100                ; 100                ;
; Clock MUX Protection                                                            ; On                 ; On                 ;
; Auto Gated Clock Conversion                                                     ; Off                ; Off                ;
; Block Design Naming                                                             ; Auto               ; Auto               ;
; SDC constraint protection                                                       ; Off                ; Off                ;
; Synthesis Effort                                                                ; Auto               ; Auto               ;
; Shift Register Replacement - Allow Asynchronous Clear Signal                    ; On                 ; On                 ;
; Pre-Mapping Resynthesis Optimization                                            ; Off                ; Off                ;
; Analysis & Synthesis Message Level                                              ; Medium             ; Medium             ;
; Disable Register Merging Across Hierarchies                                     ; Auto               ; Auto               ;
; Resource Aware Inference For Block RAM                                          ; On                 ; On                 ;
; Automatic Parallel Synthesis                                                    ; On                 ; On                 ;
; Partial Reconfiguration Bitstream ID                                            ; Off                ; Off                ;
+---------------------------------------------------------------------------------+--------------------+--------------------+


+------------------------------------------+
; Parallel Compilation                     ;
+----------------------------+-------------+
; Processors                 ; Number      ;
+----------------------------+-------------+
; Number detected on machine ; 8           ;
; Maximum allowed            ; 4           ;
;                            ;             ;
; Average used               ; 1.00        ;
; Maximum used               ; 1           ;
;                            ;             ;
; Usage by Processor         ; % Time Used ;
;     Processor 1            ; 100.0%      ;
+----------------------------+-------------+


+--------------------------------------------------------------------------------------------------------------------------------------+
; Analysis & Synthesis Source Files Read                                                                                               ;
+----------------------------------+-----------------+------------------------------+----------------------------------------+---------+
; File Name with User-Entered Path ; Used in Netlist ; File Type                    ; File Name with Absolute Path           ; Library ;
+----------------------------------+-----------------+------------------------------+----------------------------------------+---------+
; src/Mips.v                       ; yes             ; User Verilog HDL File        ; C:/mipsAhmet/src/Mips.v                ;         ;
; src/Alu_control.v                ; yes             ; User Verilog HDL File        ; C:/mipsAhmet/src/Alu_control.v         ;         ;
; src/Alu.v                        ; yes             ; User Verilog HDL File        ; C:/mipsAhmet/src/Alu.v                 ;         ;
; src/And_32Bit.v                  ; yes             ; User Verilog HDL File        ; C:/mipsAhmet/src/And_32Bit.v           ;         ;
; src/Bus_for_jump.v               ; yes             ; User Verilog HDL File        ; C:/mipsAhmet/src/Bus_for_jump.v        ;         ;
; src/Control_for_Jr.v             ; yes             ; User Verilog HDL File        ; C:/mipsAhmet/src/Control_for_Jr.v      ;         ;
; src/Control_unit.v               ; yes             ; User Verilog HDL File        ; C:/mipsAhmet/src/Control_unit.v        ;         ;
; src/FullAdder_4Bit_CLA.v         ; yes             ; User Verilog HDL File        ; C:/mipsAhmet/src/FullAdder_4Bit_CLA.v  ;         ;
; src/FullAdder_16Bit_CLA.v        ; yes             ; User Verilog HDL File        ; C:/mipsAhmet/src/FullAdder_16Bit_CLA.v ;         ;
; src/FullAdder_32Bit.v            ; yes             ; User Verilog HDL File        ; C:/mipsAhmet/src/FullAdder_32Bit.v     ;         ;
; src/Instruction_block.v          ; yes             ; User Verilog HDL File        ; C:/mipsAhmet/src/Instruction_block.v   ;         ;
; src/LessThan_32Bit.v             ; yes             ; User Verilog HDL File        ; C:/mipsAhmet/src/LessThan_32Bit.v      ;         ;
; src/Memory_block.v               ; yes             ; User Verilog HDL File        ; C:/mipsAhmet/src/Memory_block.v        ;         ;
; src/Mux2x1_5byte.v               ; yes             ; User Verilog HDL File        ; C:/mipsAhmet/src/Mux2x1_5byte.v        ;         ;
; src/Mux2x1.v                     ; yes             ; User Verilog HDL File        ; C:/mipsAhmet/src/Mux2x1.v              ;         ;
; src/Mux8x1.v                     ; yes             ; User Verilog HDL File        ; C:/mipsAhmet/src/Mux8x1.v              ;         ;
; src/Nor_32Bit.v                  ; yes             ; User Verilog HDL File        ; C:/mipsAhmet/src/Nor_32Bit.v           ;         ;
; src/Or_32Bit.v                   ; yes             ; User Verilog HDL File        ; C:/mipsAhmet/src/Or_32Bit.v            ;         ;
; src/Register_block.v             ; yes             ; User Verilog HDL File        ; C:/mipsAhmet/src/Register_block.v      ;         ;
; src/Shift_left_2.v               ; yes             ; User Verilog HDL File        ; C:/mipsAhmet/src/Shift_left_2.v        ;         ;
; src/Sign_extend.v                ; yes             ; User Verilog HDL File        ; C:/mipsAhmet/src/Sign_extend.v         ;         ;
; src/Substract_32Bit.v            ; yes             ; User Verilog HDL File        ; C:/mipsAhmet/src/Substract_32Bit.v     ;         ;
; src/Xor_32Bit.v                  ; yes             ; User Verilog HDL File        ; C:/mipsAhmet/src/Xor_32Bit.v           ;         ;
; memory.mem                       ; yes             ; Auto-Found Unspecified File  ; C:/mipsAhmet/memory.mem                ;         ;
; registers.mem                    ; yes             ; Auto-Found Unspecified File  ; C:/mipsAhmet/registers.mem             ;         ;
; instructions.mem                 ; yes             ; Auto-Found Unspecified File  ; C:/mipsAhmet/instructions.mem          ;         ;
+----------------------------------+-----------------+------------------------------+----------------------------------------+---------+


+-----------------------------------------------------+
; Analysis & Synthesis Resource Usage Summary         ;
+---------------------------------------------+-------+
; Resource                                    ; Usage ;
+---------------------------------------------+-------+
; Estimate of Logic utilization (ALMs needed) ; 0     ;
;                                             ;       ;
; Combinational ALUT usage for logic          ; 0     ;
;     -- 7 input functions                    ; 0     ;
;     -- 6 input functions                    ; 0     ;
;     -- 5 input functions                    ; 0     ;
;     -- 4 input functions                    ; 0     ;
;     -- <=3 input functions                  ; 0     ;
;                                             ;       ;
; Dedicated logic registers                   ; 0     ;
;                                             ;       ;
; I/O pins                                    ; 1     ;
;                                             ;       ;
; Total DSP Blocks                            ; 0     ;
;                                             ;       ;
; Maximum fan-out node                        ; clock ;
; Maximum fan-out                             ; 1     ;
; Total fan-out                               ; 1     ;
; Average fan-out                             ; 0.50  ;
+---------------------------------------------+-------+


+----------------------------------------------------------------------------------------------------------------------------------------------------------------------------------------+
; Analysis & Synthesis Resource Utilization by Entity                                                                                                                                    ;
+----------------------------+---------------------+---------------------------+-------------------+------------+------+--------------+---------------------+-------------+--------------+
; Compilation Hierarchy Node ; Combinational ALUTs ; Dedicated Logic Registers ; Block Memory Bits ; DSP Blocks ; Pins ; Virtual Pins ; Full Hierarchy Name ; Entity Name ; Library Name ;
+----------------------------+---------------------+---------------------------+-------------------+------------+------+--------------+---------------------+-------------+--------------+
; |Mips                      ; 0 (0)               ; 0 (0)                     ; 0                 ; 0          ; 1    ; 0            ; |Mips               ; Mips        ; work         ;
+----------------------------+---------------------+---------------------------+-------------------+------------+------+--------------+---------------------+-------------+--------------+
Note: For table entries with two numbers listed, the numbers in parentheses indicate the number of resources of the given type used by the specific entity alone. The numbers listed outside of parentheses indicate the total resources of the given type used by the specific entity and all of its sub-entities in the hierarchy.


+------------------------------------------------------+
; General Register Statistics                          ;
+----------------------------------------------+-------+
; Statistic                                    ; Value ;
+----------------------------------------------+-------+
; Total registers                              ; 0     ;
; Number of registers using Synchronous Clear  ; 0     ;
; Number of registers using Synchronous Load   ; 0     ;
; Number of registers using Asynchronous Clear ; 0     ;
; Number of registers using Asynchronous Load  ; 0     ;
; Number of registers using Clock Enable       ; 0     ;
; Number of registers using Preset             ; 0     ;
+----------------------------------------------+-------+


+----------------------------------------------------------------------------------------------------------------------------------------------------------------------------------------+
; Port Connectivity Checks: "Control_for_Jr:crJr"                                                                                                                                        ;
+------------+-------+----------+--------------------------------------------------------------------------------------------------------------------------------------------------------+
; Port       ; Type  ; Severity ; Details                                                                                                                                                ;
+------------+-------+----------+--------------------------------------------------------------------------------------------------------------------------------------------------------+
; read_data1 ; Input ; Warning  ; Input port expression (26 bits) is smaller than the input port (32 bits) it drives.  Extra input bit(s) "read_data1[31..26]" will be connected to GND. ;
+------------+-------+----------+--------------------------------------------------------------------------------------------------------------------------------------------------------+


+----------------------------------------------------+
; Port Connectivity Checks: "FullAdder_32Bit:adder2" ;
+------+-------+----------+--------------------------+
; Port ; Type  ; Severity ; Details                  ;
+------+-------+----------+--------------------------+
; cin  ; Input ; Info     ; Stuck at GND             ;
+------+-------+----------+--------------------------+


+--------------------------------------------------------------------------------------------------------------------+
; Port Connectivity Checks: "FullAdder_32Bit:adder"                                                                  ;
+----------+--------+----------+-------------------------------------------------------------------------------------+
; Port     ; Type   ; Severity ; Details                                                                             ;
+----------+--------+----------+-------------------------------------------------------------------------------------+
; carry    ; Output ; Info     ; Connected to dangling logic. Logic that only feeds a dangling port will be removed. ;
; cin      ; Input  ; Info     ; Stuck at GND                                                                        ;
; b[31..3] ; Input  ; Info     ; Stuck at GND                                                                        ;
; b[1..0]  ; Input  ; Info     ; Stuck at GND                                                                        ;
; b[2]     ; Input  ; Info     ; Stuck at VCC                                                                        ;
+----------+--------+----------+-------------------------------------------------------------------------------------+


+-----------------------------------------------------------------------------------------------------------------------------------------------------------------------------------------------------------------+
; Port Connectivity Checks: "Memory_block:memBlock"                                                                                                                                                               ;
+---------+-------+----------+------------------------------------------------------------------------------------------------------------------------------------------------------------------------------------+
; Port    ; Type  ; Severity ; Details                                                                                                                                                                            ;
+---------+-------+----------+------------------------------------------------------------------------------------------------------------------------------------------------------------------------------------+
; address ; Input ; Warning  ; Input port expression (32 bits) is wider than the input port (8 bits) it drives.  The 24 most-significant bit(s) in the expression will be dangling if they have no other fanouts. ;
+---------+-------+----------+------------------------------------------------------------------------------------------------------------------------------------------------------------------------------------+


+-----------------------------------------------------------------------------------------------------------------+
; Port Connectivity Checks: "Alu:aluUnit|FullAdder_32Bit:fa1"                                                     ;
+-------+--------+----------+-------------------------------------------------------------------------------------+
; Port  ; Type   ; Severity ; Details                                                                             ;
+-------+--------+----------+-------------------------------------------------------------------------------------+
; carry ; Output ; Info     ; Connected to dangling logic. Logic that only feeds a dangling port will be removed. ;
; cin   ; Input  ; Info     ; Stuck at GND                                                                        ;
+-------+--------+----------+-------------------------------------------------------------------------------------+


+--------------------------------------------------------------------------------------------------------------------------+
; Port Connectivity Checks: "Alu:aluUnit|LessThan_32Bit:lt1|Substract_32Bit:sub|FullAdder_32Bit:fa|FullAdder_16Bit_CLA:u1" ;
+---------+--------+----------+--------------------------------------------------------------------------------------------+
; Port    ; Type   ; Severity ; Details                                                                                    ;
+---------+--------+----------+--------------------------------------------------------------------------------------------+
; C[2..0] ; Output ; Info     ; Connected to dangling logic. Logic that only feeds a dangling port will be removed.        ;
+---------+--------+----------+--------------------------------------------------------------------------------------------+


+--------------------------------------------------------------------------------------------------------------------------+
; Port Connectivity Checks: "Alu:aluUnit|LessThan_32Bit:lt1|Substract_32Bit:sub|FullAdder_32Bit:fa|FullAdder_16Bit_CLA:u0" ;
+---------+--------+----------+--------------------------------------------------------------------------------------------+
; Port    ; Type   ; Severity ; Details                                                                                    ;
+---------+--------+----------+--------------------------------------------------------------------------------------------+
; C[2..0] ; Output ; Info     ; Connected to dangling logic. Logic that only feeds a dangling port will be removed.        ;
+---------+--------+----------+--------------------------------------------------------------------------------------------+


+---------------------------------------------------------------------------------------------------+
; Port Connectivity Checks: "Alu:aluUnit|LessThan_32Bit:lt1|Substract_32Bit:sub|FullAdder_32Bit:fa" ;
+------+-------+----------+-------------------------------------------------------------------------+
; Port ; Type  ; Severity ; Details                                                                 ;
+------+-------+----------+-------------------------------------------------------------------------+
; cin  ; Input ; Info     ; Stuck at VCC                                                            ;
+------+-------+----------+-------------------------------------------------------------------------+


+-------------------------------------------------------------------------------------------------------------------------+
; Port Connectivity Checks: "Alu:aluUnit|LessThan_32Bit:lt1|Substract_32Bit:sub"                                          ;
+---------------+--------+----------+-------------------------------------------------------------------------------------+
; Port          ; Type   ; Severity ; Details                                                                             ;
+---------------+--------+----------+-------------------------------------------------------------------------------------+
; Result[30..0] ; Output ; Info     ; Connected to dangling logic. Logic that only feeds a dangling port will be removed. ;
; Cout          ; Output ; Info     ; Connected to dangling logic. Logic that only feeds a dangling port will be removed. ;
+---------------+--------+----------+-------------------------------------------------------------------------------------+


+--------------------------------------------------------------------------------------------------------------------------------------------------------------------------------------------------------+
; Port Connectivity Checks: "Alu:aluUnit|LessThan_32Bit:lt1"                                                                                                                                             ;
+----------+--------+----------+-------------------------------------------------------------------------------------------------------------------------------------------------------------------------+
; Port     ; Type   ; Severity ; Details                                                                                                                                                                 ;
+----------+--------+----------+-------------------------------------------------------------------------------------------------------------------------------------------------------------------------+
; LessThan ; Output ; Warning  ; Output or bidir port (1 bits) is smaller than the port expression (32 bits) it drives.  The 31 most-significant bit(s) in the port expression will be connected to GND. ;
+----------+--------+----------+-------------------------------------------------------------------------------------------------------------------------------------------------------------------------+


+----------------------------------------------------------------------------------------------------------------+
; Port Connectivity Checks: "Control_unit:ctrlUnit"                                                              ;
+------+--------+----------+-------------------------------------------------------------------------------------+
; Port ; Type   ; Severity ; Details                                                                             ;
+------+--------+----------+-------------------------------------------------------------------------------------+
; move ; Output ; Info     ; Connected to dangling logic. Logic that only feeds a dangling port will be removed. ;
+------+--------+----------+-------------------------------------------------------------------------------------+


+-----------------------------------------------------+
; Post-Synthesis Netlist Statistics for Top Partition ;
+-------------------+---------------------------------+
; Type              ; Count                           ;
+-------------------+---------------------------------+
; boundary_port     ; 1                               ;
;                   ;                                 ;
; Max LUT depth     ; 0.00                            ;
; Average LUT depth ; 0.00                            ;
+-------------------+---------------------------------+


+-------------------------------+
; Elapsed Time Per Partition    ;
+----------------+--------------+
; Partition Name ; Elapsed Time ;
+----------------+--------------+
; Top            ; 00:00:00     ;
+----------------+--------------+


+-------------------------------+
; Analysis & Synthesis Messages ;
+-------------------------------+
Info: *******************************************************************
Info: Running Quartus Prime Analysis & Synthesis
    Info: Version 18.1.0 Build 625 09/12/2018 SJ Lite Edition
    Info: Processing started: Fri Jan 19 10:57:34 2024
Info: Command: quartus_map --read_settings_files=on --write_settings_files=off Mips -c Mips
Warning (18236): Number of processors has not been specified which may cause overloading on shared machines.  Set the global assignment NUM_PARALLEL_PROCESSORS in your QSF to an appropriate value for best performance.
Info (20030): Parallel compilation is enabled and will use 4 of the 4 processors detected
Info (12021): Found 1 design units, including 1 entities, in source file src/mips.v
    Info (12023): Found entity 1: Mips File: C:/mipsAhmet/src/Mips.v Line: 2
Info (12021): Found 1 design units, including 1 entities, in source file src/add_32bit.v
    Info (12023): Found entity 1: Add_32Bit File: C:/mipsAhmet/src/Add_32Bit.v Line: 1
Info (12021): Found 1 design units, including 1 entities, in source file src/alu_control.v
    Info (12023): Found entity 1: Alu_control File: C:/mipsAhmet/src/Alu_control.v Line: 1
Info (12021): Found 1 design units, including 1 entities, in source file src/alu.v
    Info (12023): Found entity 1: Alu File: C:/mipsAhmet/src/Alu.v Line: 1
Info (12021): Found 1 design units, including 1 entities, in source file src/and_32bit.v
    Info (12023): Found entity 1: And_32Bit File: C:/mipsAhmet/src/And_32Bit.v Line: 1
Info (12021): Found 1 design units, including 1 entities, in source file src/bus_for_jump.v
    Info (12023): Found entity 1: Bus_for_jump File: C:/mipsAhmet/src/Bus_for_jump.v Line: 1
Info (12021): Found 1 design units, including 1 entities, in source file src/control_for_jr.v
    Info (12023): Found entity 1: Control_for_Jr File: C:/mipsAhmet/src/Control_for_Jr.v Line: 1
Info (12021): Found 1 design units, including 1 entities, in source file src/control_unit.v
    Info (12023): Found entity 1: Control_unit File: C:/mipsAhmet/src/Control_unit.v Line: 1
Info (12021): Found 1 design units, including 1 entities, in source file src/fulladder_4bit_cla.v
    Info (12023): Found entity 1: FullAdder_4Bit_CLA File: C:/mipsAhmet/src/FullAdder_4Bit_CLA.v Line: 1
Info (12021): Found 1 design units, including 1 entities, in source file src/fulladder_16bit_cla.v
    Info (12023): Found entity 1: FullAdder_16Bit_CLA File: C:/mipsAhmet/src/FullAdder_16Bit_CLA.v Line: 1
Info (12021): Found 1 design units, including 1 entities, in source file src/fulladder_32bit.v
    Info (12023): Found entity 1: FullAdder_32Bit File: C:/mipsAhmet/src/FullAdder_32Bit.v Line: 1
Info (12021): Found 1 design units, including 1 entities, in source file src/instruction_block.v
    Info (12023): Found entity 1: Instruction_block File: C:/mipsAhmet/src/Instruction_block.v Line: 1
Info (12021): Found 1 design units, including 1 entities, in source file src/lessthan_32bit.v
    Info (12023): Found entity 1: LessThan_32Bit File: C:/mipsAhmet/src/LessThan_32Bit.v Line: 1
Info (12021): Found 1 design units, including 1 entities, in source file src/memory_block.v
    Info (12023): Found entity 1: Memory_block File: C:/mipsAhmet/src/Memory_block.v Line: 1
Info (12021): Found 1 design units, including 1 entities, in source file src/mux2x1_5byte.v
    Info (12023): Found entity 1: Mux2x1_5byte File: C:/mipsAhmet/src/Mux2x1_5byte.v Line: 1
Info (12021): Found 1 design units, including 1 entities, in source file src/mux2x1.v
    Info (12023): Found entity 1: Mux2x1 File: C:/mipsAhmet/src/Mux2x1.v Line: 1
Info (12021): Found 1 design units, including 1 entities, in source file src/mux8x1.v
    Info (12023): Found entity 1: Mux8x1 File: C:/mipsAhmet/src/Mux8x1.v Line: 1
Info (12021): Found 1 design units, including 1 entities, in source file src/nor_32bit.v
    Info (12023): Found entity 1: Nor_32Bit File: C:/mipsAhmet/src/Nor_32Bit.v Line: 1
Info (12021): Found 1 design units, including 1 entities, in source file src/or_32bit.v
    Info (12023): Found entity 1: Or_32Bit File: C:/mipsAhmet/src/Or_32Bit.v Line: 1
Info (12021): Found 1 design units, including 1 entities, in source file src/register_block.v
    Info (12023): Found entity 1: Register_block File: C:/mipsAhmet/src/Register_block.v Line: 1
Info (12021): Found 1 design units, including 1 entities, in source file src/shift_left_2.v
    Info (12023): Found entity 1: Shift_left_2 File: C:/mipsAhmet/src/Shift_left_2.v Line: 1
Info (12021): Found 1 design units, including 1 entities, in source file src/sign_extend.v
    Info (12023): Found entity 1: Sign_extend File: C:/mipsAhmet/src/Sign_extend.v Line: 1
Info (12021): Found 2 design units, including 2 entities, in source file src/substract_32bit.v
    Info (12023): Found entity 1: Substract_32Bit File: C:/mipsAhmet/src/Substract_32Bit.v Line: 1
    Info (12023): Found entity 2: Inverter File: C:/mipsAhmet/src/Substract_32Bit.v Line: 21
Info (12021): Found 1 design units, including 1 entities, in source file src/xor_32bit.v
    Info (12023): Found entity 1: Xor_32Bit File: C:/mipsAhmet/src/Xor_32Bit.v Line: 1
Info (12021): Found 1 design units, including 1 entities, in source file src/mips_tb.v
    Info (12023): Found entity 1: Mips_tb File: C:/mipsAhmet/src/Mips_tb.v Line: 4
Warning (10236): Verilog HDL Implicit Net warning at Mips.v(117): created implicit net for "_" File: C:/mipsAhmet/src/Mips.v Line: 117
Warning (10236): Verilog HDL Implicit Net warning at Mips.v(135): created implicit net for "xorResult" File: C:/mipsAhmet/src/Mips.v Line: 135
Warning (10236): Verilog HDL Implicit Net warning at Mips.v(137): created implicit net for "andResult" File: C:/mipsAhmet/src/Mips.v Line: 137
Warning (10236): Verilog HDL Implicit Net warning at Mips.v(164): created implicit net for "isJR" File: C:/mipsAhmet/src/Mips.v Line: 164
Warning (10236): Verilog HDL Implicit Net warning at Control_unit.v(14): created implicit net for "op0_not" File: C:/mipsAhmet/src/Control_unit.v Line: 14
Warning (10236): Verilog HDL Implicit Net warning at Control_unit.v(15): created implicit net for "op1_not" File: C:/mipsAhmet/src/Control_unit.v Line: 15
Warning (10236): Verilog HDL Implicit Net warning at Control_unit.v(16): created implicit net for "op2_not" File: C:/mipsAhmet/src/Control_unit.v Line: 16
Warning (10236): Verilog HDL Implicit Net warning at Control_unit.v(17): created implicit net for "op3_not" File: C:/mipsAhmet/src/Control_unit.v Line: 17
Warning (10236): Verilog HDL Implicit Net warning at Control_unit.v(18): created implicit net for "op4_not" File: C:/mipsAhmet/src/Control_unit.v Line: 18
Warning (10236): Verilog HDL Implicit Net warning at Control_unit.v(19): created implicit net for "op5_not" File: C:/mipsAhmet/src/Control_unit.v Line: 19
Warning (10236): Verilog HDL Implicit Net warning at Control_unit.v(21): created implicit net for "isRtype" File: C:/mipsAhmet/src/Control_unit.v Line: 21
Warning (10236): Verilog HDL Implicit Net warning at Control_unit.v(22): created implicit net for "isSlti" File: C:/mipsAhmet/src/Control_unit.v Line: 22
Warning (10236): Verilog HDL Implicit Net warning at Control_unit.v(23): created implicit net for "isAddi" File: C:/mipsAhmet/src/Control_unit.v Line: 23
Warning (10236): Verilog HDL Implicit Net warning at Control_unit.v(24): created implicit net for "isOri" File: C:/mipsAhmet/src/Control_unit.v Line: 24
Warning (10236): Verilog HDL Implicit Net warning at Control_unit.v(26): created implicit net for "aluOpTwoV" File: C:/mipsAhmet/src/Control_unit.v Line: 26
Warning (10236): Verilog HDL Implicit Net warning at Control_unit.v(27): created implicit net for "resultFromFirst" File: C:/mipsAhmet/src/Control_unit.v Line: 27
Warning (10236): Verilog HDL Implicit Net warning at Control_unit.v(30): created implicit net for "notSLI" File: C:/mipsAhmet/src/Control_unit.v Line: 30
Warning (10236): Verilog HDL Implicit Net warning at Control_unit.v(31): created implicit net for "resultFromSecond" File: C:/mipsAhmet/src/Control_unit.v Line: 31
Warning (10236): Verilog HDL Implicit Net warning at Control_unit.v(34): created implicit net for "aluOpZeroX" File: C:/mipsAhmet/src/Control_unit.v Line: 34
Warning (10236): Verilog HDL Implicit Net warning at Control_unit.v(53): created implicit net for "nor1_result" File: C:/mipsAhmet/src/Control_unit.v Line: 53
Warning (10236): Verilog HDL Implicit Net warning at Control_unit.v(54): created implicit net for "is_move" File: C:/mipsAhmet/src/Control_unit.v Line: 54
Warning (10236): Verilog HDL Implicit Net warning at Control_unit.v(56): created implicit net for "is_move_not" File: C:/mipsAhmet/src/Control_unit.v Line: 56
Warning (10236): Verilog HDL Implicit Net warning at Control_unit.v(59): created implicit net for "and14_result" File: C:/mipsAhmet/src/Control_unit.v Line: 59
Warning (10236): Verilog HDL Implicit Net warning at Control_unit.v(64): created implicit net for "branch_not" File: C:/mipsAhmet/src/Control_unit.v Line: 64
Warning (10236): Verilog HDL Implicit Net warning at Control_unit.v(67): created implicit net for "notRtype" File: C:/mipsAhmet/src/Control_unit.v Line: 67
Warning (10236): Verilog HDL Implicit Net warning at Control_unit.v(68): created implicit net for "ALUsrcResult" File: C:/mipsAhmet/src/Control_unit.v Line: 68
Warning (10236): Verilog HDL Implicit Net warning at Control_unit.v(72): created implicit net for "and4_result" File: C:/mipsAhmet/src/Control_unit.v Line: 72
Warning (10236): Verilog HDL Implicit Net warning at Control_unit.v(73): created implicit net for "and5_result" File: C:/mipsAhmet/src/Control_unit.v Line: 73
Warning (10236): Verilog HDL Implicit Net warning at Control_unit.v(74): created implicit net for "and6_result" File: C:/mipsAhmet/src/Control_unit.v Line: 74
Warning (10236): Verilog HDL Implicit Net warning at Control_unit.v(84): created implicit net for "xor3_result" File: C:/mipsAhmet/src/Control_unit.v Line: 84
Warning (10236): Verilog HDL Implicit Net warning at Control_unit.v(88): created implicit net for "notRegWrite" File: C:/mipsAhmet/src/Control_unit.v Line: 88
Warning (10236): Verilog HDL Implicit Net warning at Control_unit.v(89): created implicit net for "regWriteRes" File: C:/mipsAhmet/src/Control_unit.v Line: 89
Warning (10236): Verilog HDL Implicit Net warning at FullAdder_4Bit_CLA.v(71): created implicit net for "Cout" File: C:/mipsAhmet/src/FullAdder_4Bit_CLA.v Line: 71
Info (12127): Elaborating entity "Mips" for the top level hierarchy
Warning (10036): Verilog HDL or VHDL warning at Mips.v(28): object "registers" assigned a value but never read File: C:/mipsAhmet/src/Mips.v Line: 28
Warning (10175): Verilog HDL warning at Mips.v(188): ignoring unsupported system task File: C:/mipsAhmet/src/Mips.v Line: 188
Info (12128): Elaborating entity "Instruction_block" for hierarchy "Instruction_block:instBlock" File: C:/mipsAhmet/src/Mips.v Line: 38
Warning (10850): Verilog HDL warning at Instruction_block.v(9): number of words (4) in memory file does not match the number of elements in the address range [0:31] File: C:/mipsAhmet/src/Instruction_block.v Line: 9
Warning (10030): Net "instruction_memory.data_a" at Instruction_block.v(6) has no driver or initial value, using a default initial value '0' File: C:/mipsAhmet/src/Instruction_block.v Line: 6
Warning (10030): Net "instruction_memory.waddr_a" at Instruction_block.v(6) has no driver or initial value, using a default initial value '0' File: C:/mipsAhmet/src/Instruction_block.v Line: 6
Warning (10030): Net "instruction_memory.we_a" at Instruction_block.v(6) has no driver or initial value, using a default initial value '0' File: C:/mipsAhmet/src/Instruction_block.v Line: 6
Info (12128): Elaborating entity "Control_unit" for hierarchy "Control_unit:ctrlUnit" File: C:/mipsAhmet/src/Mips.v Line: 53
Info (12128): Elaborating entity "Mux2x1_5byte" for hierarchy "Mux2x1_5byte:muxRegDst" File: C:/mipsAhmet/src/Mips.v Line: 60
Info (12128): Elaborating entity "Register_block" for hierarchy "Register_block:regBlock" File: C:/mipsAhmet/src/Mips.v Line: 71
Warning (10175): Verilog HDL warning at Register_block.v(48): ignoring unsupported system task File: C:/mipsAhmet/src/Register_block.v Line: 48
Info (12128): Elaborating entity "Sign_extend" for hierarchy "Sign_extend:signExt" File: C:/mipsAhmet/src/Mips.v Line: 76
Warning (10739): Verilog HDL warning at Sign_extend.v(7): actual bit length 32 differs from formal bit length 1 File: C:/mipsAhmet/src/Sign_extend.v Line: 7
Warning (10739): Verilog HDL warning at Sign_extend.v(8): actual bit length 32 differs from formal bit length 1 File: C:/mipsAhmet/src/Sign_extend.v Line: 8
Warning (10739): Verilog HDL warning at Sign_extend.v(9): actual bit length 32 differs from formal bit length 1 File: C:/mipsAhmet/src/Sign_extend.v Line: 9
Warning (10739): Verilog HDL warning at Sign_extend.v(10): actual bit length 32 differs from formal bit length 1 File: C:/mipsAhmet/src/Sign_extend.v Line: 10
Warning (10739): Verilog HDL warning at Sign_extend.v(11): actual bit length 32 differs from formal bit length 1 File: C:/mipsAhmet/src/Sign_extend.v Line: 11
Warning (10739): Verilog HDL warning at Sign_extend.v(12): actual bit length 32 differs from formal bit length 1 File: C:/mipsAhmet/src/Sign_extend.v Line: 12
Warning (10739): Verilog HDL warning at Sign_extend.v(13): actual bit length 32 differs from formal bit length 1 File: C:/mipsAhmet/src/Sign_extend.v Line: 13
Warning (10739): Verilog HDL warning at Sign_extend.v(14): actual bit length 32 differs from formal bit length 1 File: C:/mipsAhmet/src/Sign_extend.v Line: 14
Warning (10739): Verilog HDL warning at Sign_extend.v(15): actual bit length 32 differs from formal bit length 1 File: C:/mipsAhmet/src/Sign_extend.v Line: 15
Warning (10739): Verilog HDL warning at Sign_extend.v(16): actual bit length 32 differs from formal bit length 1 File: C:/mipsAhmet/src/Sign_extend.v Line: 16
Warning (10739): Verilog HDL warning at Sign_extend.v(17): actual bit length 32 differs from formal bit length 1 File: C:/mipsAhmet/src/Sign_extend.v Line: 17
Warning (10739): Verilog HDL warning at Sign_extend.v(18): actual bit length 32 differs from formal bit length 1 File: C:/mipsAhmet/src/Sign_extend.v Line: 18
Warning (10739): Verilog HDL warning at Sign_extend.v(19): actual bit length 32 differs from formal bit length 1 File: C:/mipsAhmet/src/Sign_extend.v Line: 19
Warning (10739): Verilog HDL warning at Sign_extend.v(20): actual bit length 32 differs from formal bit length 1 File: C:/mipsAhmet/src/Sign_extend.v Line: 20
Warning (10739): Verilog HDL warning at Sign_extend.v(21): actual bit length 32 differs from formal bit length 1 File: C:/mipsAhmet/src/Sign_extend.v Line: 21
Warning (10739): Verilog HDL warning at Sign_extend.v(22): actual bit length 32 differs from formal bit length 1 File: C:/mipsAhmet/src/Sign_extend.v Line: 22
Warning (10739): Verilog HDL warning at Sign_extend.v(23): actual bit length 32 differs from formal bit length 1 File: C:/mipsAhmet/src/Sign_extend.v Line: 23
Info (12128): Elaborating entity "Alu_control" for hierarchy "Alu_control:aluCtrl" File: C:/mipsAhmet/src/Mips.v Line: 82
Info (12128): Elaborating entity "Mux2x1" for hierarchy "Mux2x1:muxALUSrc" File: C:/mipsAhmet/src/Mips.v Line: 89
Info (12128): Elaborating entity "Alu" for hierarchy "Alu:aluUnit" File: C:/mipsAhmet/src/Mips.v Line: 97
Info (12128): Elaborating entity "And_32Bit" for hierarchy "Alu:aluUnit|And_32Bit:and1" File: C:/mipsAhmet/src/Alu.v Line: 14
Info (12128): Elaborating entity "Or_32Bit" for hierarchy "Alu:aluUnit|Or_32Bit:or1" File: C:/mipsAhmet/src/Alu.v Line: 15
Info (12128): Elaborating entity "Xor_32Bit" for hierarchy "Alu:aluUnit|Xor_32Bit:xor1" File: C:/mipsAhmet/src/Alu.v Line: 16
Info (12128): Elaborating entity "Nor_32Bit" for hierarchy "Alu:aluUnit|Nor_32Bit:nor1" File: C:/mipsAhmet/src/Alu.v Line: 17
Info (12128): Elaborating entity "LessThan_32Bit" for hierarchy "Alu:aluUnit|LessThan_32Bit:lt1" File: C:/mipsAhmet/src/Alu.v Line: 18
Warning (10739): Verilog HDL warning at LessThan_32Bit.v(12): actual bit length 32 differs from formal bit length 1 File: C:/mipsAhmet/src/LessThan_32Bit.v Line: 12
Info (12128): Elaborating entity "Substract_32Bit" for hierarchy "Alu:aluUnit|LessThan_32Bit:lt1|Substract_32Bit:sub" File: C:/mipsAhmet/src/LessThan_32Bit.v Line: 10
Info (12128): Elaborating entity "Inverter" for hierarchy "Alu:aluUnit|LessThan_32Bit:lt1|Substract_32Bit:sub|Inverter:inv" File: C:/mipsAhmet/src/Substract_32Bit.v Line: 5
Info (12128): Elaborating entity "FullAdder_32Bit" for hierarchy "Alu:aluUnit|LessThan_32Bit:lt1|Substract_32Bit:sub|FullAdder_32Bit:fa" File: C:/mipsAhmet/src/Substract_32Bit.v Line: 13
Warning (10739): Verilog HDL warning at FullAdder_32Bit.v(8): actual bit length 32 differs from formal bit length 1 File: C:/mipsAhmet/src/FullAdder_32Bit.v Line: 8
Info (12128): Elaborating entity "FullAdder_16Bit_CLA" for hierarchy "Alu:aluUnit|LessThan_32Bit:lt1|Substract_32Bit:sub|FullAdder_32Bit:fa|FullAdder_16Bit_CLA:u0" File: C:/mipsAhmet/src/FullAdder_32Bit.v Line: 5
Info (12128): Elaborating entity "FullAdder_4Bit_CLA" for hierarchy "Alu:aluUnit|LessThan_32Bit:lt1|Substract_32Bit:sub|FullAdder_32Bit:fa|FullAdder_16Bit_CLA:u0|FullAdder_4Bit_CLA:u0" File: C:/mipsAhmet/src/FullAdder_16Bit_CLA.v Line: 11
Warning (10739): Verilog HDL warning at FullAdder_4Bit_CLA.v(24): actual bit length 32 differs from formal bit length 1 File: C:/mipsAhmet/src/FullAdder_4Bit_CLA.v Line: 24
Info (12128): Elaborating entity "Mux8x1" for hierarchy "Alu:aluUnit|Mux8x1:mux8x1" File: C:/mipsAhmet/src/Alu.v Line: 40
Info (12128): Elaborating entity "Memory_block" for hierarchy "Memory_block:memBlock" File: C:/mipsAhmet/src/Mips.v Line: 106
Warning (10175): Verilog HDL warning at Memory_block.v(63): ignoring unsupported system task File: C:/mipsAhmet/src/Memory_block.v Line: 63
Info (12128): Elaborating entity "Shift_left_2" for hierarchy "Shift_left_2:shiftLeft2" File: C:/mipsAhmet/src/Mips.v Line: 126
Info (12128): Elaborating entity "Bus_for_jump" for hierarchy "Bus_for_jump:bfJump" File: C:/mipsAhmet/src/Mips.v Line: 155
Info (12128): Elaborating entity "Control_for_Jr" for hierarchy "Control_for_Jr:crJr" File: C:/mipsAhmet/src/Mips.v Line: 171
Warning (12011): Net is missing source, defaulting to GND
    Warning (12110): Net "Alu:aluUnit|lt_result[31]" is missing source, defaulting to GND File: C:/mipsAhmet/src/Alu.v Line: 11
    Warning (12110): Net "Alu:aluUnit|lt_result[30]" is missing source, defaulting to GND File: C:/mipsAhmet/src/Alu.v Line: 11
    Warning (12110): Net "Alu:aluUnit|lt_result[29]" is missing source, defaulting to GND File: C:/mipsAhmet/src/Alu.v Line: 11
    Warning (12110): Net "Alu:aluUnit|lt_result[28]" is missing source, defaulting to GND File: C:/mipsAhmet/src/Alu.v Line: 11
    Warning (12110): Net "Alu:aluUnit|lt_result[27]" is missing source, defaulting to GND File: C:/mipsAhmet/src/Alu.v Line: 11
    Warning (12110): Net "Alu:aluUnit|lt_result[26]" is missing source, defaulting to GND File: C:/mipsAhmet/src/Alu.v Line: 11
    Warning (12110): Net "Alu:aluUnit|lt_result[25]" is missing source, defaulting to GND File: C:/mipsAhmet/src/Alu.v Line: 11
    Warning (12110): Net "Alu:aluUnit|lt_result[24]" is missing source, defaulting to GND File: C:/mipsAhmet/src/Alu.v Line: 11
    Warning (12110): Net "Alu:aluUnit|lt_result[23]" is missing source, defaulting to GND File: C:/mipsAhmet/src/Alu.v Line: 11
    Warning (12110): Net "Alu:aluUnit|lt_result[22]" is missing source, defaulting to GND File: C:/mipsAhmet/src/Alu.v Line: 11
    Warning (12110): Net "Alu:aluUnit|lt_result[21]" is missing source, defaulting to GND File: C:/mipsAhmet/src/Alu.v Line: 11
    Warning (12110): Net "Alu:aluUnit|lt_result[20]" is missing source, defaulting to GND File: C:/mipsAhmet/src/Alu.v Line: 11
    Warning (12110): Net "Alu:aluUnit|lt_result[19]" is missing source, defaulting to GND File: C:/mipsAhmet/src/Alu.v Line: 11
    Warning (12110): Net "Alu:aluUnit|lt_result[18]" is missing source, defaulting to GND File: C:/mipsAhmet/src/Alu.v Line: 11
    Warning (12110): Net "Alu:aluUnit|lt_result[17]" is missing source, defaulting to GND File: C:/mipsAhmet/src/Alu.v Line: 11
    Warning (12110): Net "Alu:aluUnit|lt_result[16]" is missing source, defaulting to GND File: C:/mipsAhmet/src/Alu.v Line: 11
    Warning (12110): Net "Alu:aluUnit|lt_result[15]" is missing source, defaulting to GND File: C:/mipsAhmet/src/Alu.v Line: 11
    Warning (12110): Net "Alu:aluUnit|lt_result[14]" is missing source, defaulting to GND File: C:/mipsAhmet/src/Alu.v Line: 11
    Warning (12110): Net "Alu:aluUnit|lt_result[13]" is missing source, defaulting to GND File: C:/mipsAhmet/src/Alu.v Line: 11
    Warning (12110): Net "Alu:aluUnit|lt_result[12]" is missing source, defaulting to GND File: C:/mipsAhmet/src/Alu.v Line: 11
    Warning (12110): Net "Alu:aluUnit|lt_result[11]" is missing source, defaulting to GND File: C:/mipsAhmet/src/Alu.v Line: 11
    Warning (12110): Net "Alu:aluUnit|lt_result[10]" is missing source, defaulting to GND File: C:/mipsAhmet/src/Alu.v Line: 11
    Warning (12110): Net "Alu:aluUnit|lt_result[9]" is missing source, defaulting to GND File: C:/mipsAhmet/src/Alu.v Line: 11
    Warning (12110): Net "Alu:aluUnit|lt_result[8]" is missing source, defaulting to GND File: C:/mipsAhmet/src/Alu.v Line: 11
    Warning (12110): Net "Alu:aluUnit|lt_result[7]" is missing source, defaulting to GND File: C:/mipsAhmet/src/Alu.v Line: 11
    Warning (12110): Net "Alu:aluUnit|lt_result[6]" is missing source, defaulting to GND File: C:/mipsAhmet/src/Alu.v Line: 11
    Warning (12110): Net "Alu:aluUnit|lt_result[5]" is missing source, defaulting to GND File: C:/mipsAhmet/src/Alu.v Line: 11
    Warning (12110): Net "Alu:aluUnit|lt_result[4]" is missing source, defaulting to GND File: C:/mipsAhmet/src/Alu.v Line: 11
    Warning (12110): Net "Alu:aluUnit|lt_result[3]" is missing source, defaulting to GND File: C:/mipsAhmet/src/Alu.v Line: 11
    Warning (12110): Net "Alu:aluUnit|lt_result[2]" is missing source, defaulting to GND File: C:/mipsAhmet/src/Alu.v Line: 11
    Warning (12110): Net "Alu:aluUnit|lt_result[1]" is missing source, defaulting to GND File: C:/mipsAhmet/src/Alu.v Line: 11
Warning (12241): 3 hierarchies have connectivity warnings - see the Connectivity Checks report folder
Info (144001): Generated suppressed messages file C:/mipsAhmet/output_files/Mips.map.smsg
Info (16010): Generating hard_block partition "hard_block:auto_generated_inst"
    Info (16011): Adding 0 node(s), including 0 DDIO, 0 PLL, 0 transceiver and 0 LCELL
Warning (21074): Design contains 1 input pin(s) that do not drive logic
    Warning (15610): No output dependent on input pin "clock" File: C:/mipsAhmet/src/Mips.v Line: 4
Info (21057): Implemented 1 device resources after synthesis - the final resource count might be different
    Info (21058): Implemented 1 input pins
    Info (21059): Implemented 0 output pins
Info: Quartus Prime Analysis & Synthesis was successful. 0 errors, 97 warnings
    Info: Peak virtual memory: 4806 megabytes
    Info: Processing ended: Fri Jan 19 10:57:50 2024
    Info: Elapsed time: 00:00:16
    Info: Total CPU time (on all processors): 00:00:33


+------------------------------------------+
; Analysis & Synthesis Suppressed Messages ;
+------------------------------------------+
The suppressed messages can be found in C:/mipsAhmet/output_files/Mips.map.smsg.


